This file contains any messages produced by compilers while
running configure, to aid debugging if configure makes a mistake.

It was created by nbi configure 0.1, which was
generated by GNU Autoconf 2.69.  Invocation command line was

  $ ./configure --prefix=/home/michael/Codes

## --------- ##
## Platform. ##
## --------- ##

hostname = michael.paraffinalia.co.uk
uname -m = x86_64
uname -r = 5.15.80
uname -s = Linux
uname -v = #1 SMP PREEMPT Sun Nov 27 13:28:05 CST 2022

/usr/bin/uname -p = Intel(R) Core(TM) i5-6200U CPU @ 2.30GHz
/bin/uname -X     = unknown

/bin/arch              = x86_64
/usr/bin/arch -k       = unknown
/usr/convex/getsysinfo = unknown
/usr/bin/hostinfo      = unknown
/bin/machine           = unknown
/usr/bin/oslevel       = unknown
/bin/universe          = unknown

PATH: /usr/local/texlive/2022/bin/x86_64-linux
PATH: /home/michael/bin
PATH: /opt/firefox
PATH: /home/michael/.scripts
PATH: /home/michael/Codes/bin
PATH: /opt/bin
PATH: /usr/local/bin
PATH: /usr/bin
PATH: /bin
PATH: /usr/games
PATH: /usr/lib64/qt5/bin
PATH: /usr/lib64/zulu-openjdk11/bin


## ----------- ##
## Core tests. ##
## ----------- ##

configure:2355: checking for a BSD-compatible install
configure:2423: result: /usr/bin/ginstall -c
configure:2434: checking whether build environment is sane
configure:2489: result: yes
configure:2640: checking for a thread-safe mkdir -p
configure:2679: result: /usr/bin/mkdir -p
configure:2686: checking for gawk
configure:2702: found /usr/bin/gawk
configure:2713: result: gawk
configure:2724: checking whether make sets $(MAKE)
configure:2746: result: yes
configure:2775: checking whether make supports nested variables
configure:2792: result: yes
configure:2980: checking build system type
configure:2994: result: x86_64-unknown-linux-gnu
configure:3014: checking host system type
configure:3027: result: x86_64-unknown-linux-gnu
configure:3068: checking how to print strings
configure:3095: result: printf
configure:3120: checking whether make supports the include directive
configure:3135: make -f confmf.GNU && cat confinc.out
this is the am__doit target
configure:3138: $? = 0
configure:3157: result: yes (GNU style)
configure:3227: checking for gcc
configure:3243: found /usr/bin/gcc
configure:3254: result: gcc
configure:3483: checking for C compiler version
configure:3492: gcc --version >&5
gcc (GCC) 11.2.0
Copyright (C) 2021 Free Software Foundation, Inc.
This is free software; see the source for copying conditions.  There is NO
warranty; not even for MERCHANTABILITY or FITNESS FOR A PARTICULAR PURPOSE.

configure:3503: $? = 0
configure:3492: gcc -v >&5
Reading specs from /usr/lib64/gcc/x86_64-slackware-linux/11.2.0/specs
COLLECT_GCC=gcc
COLLECT_LTO_WRAPPER=/usr/libexec/gcc/x86_64-slackware-linux/11.2.0/lto-wrapper
Target: x86_64-slackware-linux
Configured with: ../configure --prefix=/usr --libdir=/usr/lib64 --mandir=/usr/man --infodir=/usr/info --enable-shared --enable-bootstrap --enable-languages=ada,brig,c,c++,d,fortran,go,lto,objc,obj-c++ --enable-threads=posix --enable-checking=release --enable-objc-gc --with-system-zlib --enable-libstdcxx-dual-abi --with-default-libstdcxx-abi=new --disable-libstdcxx-pch --disable-libunwind-exceptions --enable-__cxa_atexit --disable-libssp --enable-gnu-unique-object --enable-plugin --enable-lto --disable-install-libiberty --disable-werror --with-gnu-ld --with-isl --verbose --with-arch-directory=amd64 --disable-gtktest --enable-clocale=gnu --disable-multilib --target=x86_64-slackware-linux --build=x86_64-slackware-linux --host=x86_64-slackware-linux
Thread model: posix
Supported LTO compression algorithms: zlib zstd
gcc version 11.2.0 (GCC) 
configure:3503: $? = 0
configure:3492: gcc -V >&5
gcc: error: unrecognized command-line option '-V'
gcc: fatal error: no input files
compilation terminated.
configure:3503: $? = 1
configure:3492: gcc -qversion >&5
gcc: error: unrecognized command-line option '-qversion'; did you mean '--version'?
gcc: fatal error: no input files
compilation terminated.
configure:3503: $? = 1
configure:3523: checking whether the C compiler works
configure:3545: gcc -ffloat-store -fexcess-precision=standard -g   conftest.c  >&5
configure:3549: $? = 0
configure:3597: result: yes
configure:3600: checking for C compiler default output file name
configure:3602: result: a.out
configure:3608: checking for suffix of executables
configure:3615: gcc -o conftest -ffloat-store -fexcess-precision=standard -g   conftest.c  >&5
configure:3619: $? = 0
configure:3641: result: 
configure:3663: checking whether we are cross compiling
configure:3671: gcc -o conftest -ffloat-store -fexcess-precision=standard -g   conftest.c  >&5
configure:3675: $? = 0
configure:3682: ./conftest
configure:3686: $? = 0
configure:3701: result: no
configure:3706: checking for suffix of object files
configure:3728: gcc -c -ffloat-store -fexcess-precision=standard -g  conftest.c >&5
configure:3732: $? = 0
configure:3753: result: o
configure:3757: checking whether we are using the GNU C compiler
configure:3776: gcc -c -ffloat-store -fexcess-precision=standard -g  conftest.c >&5
configure:3776: $? = 0
configure:3785: result: yes
configure:3794: checking whether gcc accepts -g
configure:3814: gcc -c -g  conftest.c >&5
configure:3814: $? = 0
configure:3855: result: yes
configure:3872: checking for gcc option to accept ISO C89
configure:3935: gcc  -c -ffloat-store -fexcess-precision=standard -g  conftest.c >&5
configure:3935: $? = 0
configure:3948: result: none needed
configure:3973: checking whether gcc understands -c and -o together
configure:3995: gcc -c conftest.c -o conftest2.o
configure:3998: $? = 0
configure:3995: gcc -c conftest.c -o conftest2.o
configure:3998: $? = 0
configure:4010: result: yes
configure:4029: checking dependency style of gcc
configure:4140: result: gcc3
configure:4155: checking for a sed that does not truncate output
configure:4219: result: /usr/bin/sed
configure:4237: checking for grep that handles long lines and -e
configure:4295: result: /usr/bin/grep
configure:4300: checking for egrep
configure:4362: result: /usr/bin/grep -E
configure:4367: checking for fgrep
configure:4429: result: /usr/bin/grep -F
configure:4464: checking for ld used by gcc
configure:4531: result: /usr/bin/ld
configure:4538: checking if the linker (/usr/bin/ld) is GNU ld
configure:4553: result: yes
configure:4565: checking for BSD- or MS-compatible name lister (nm)
configure:4619: result: /usr/bin/nm -B
configure:4749: checking the name lister (/usr/bin/nm -B) interface
configure:4756: gcc -c -ffloat-store -fexcess-precision=standard -g  conftest.c >&5
configure:4759: /usr/bin/nm -B "conftest.o"
configure:4762: output
0000000000000000 B some_variable
configure:4769: result: BSD nm
configure:4772: checking whether ln -s works
configure:4776: result: yes
configure:4784: checking the maximum length of command line arguments
configure:4915: result: 1572864
configure:4963: checking how to convert x86_64-unknown-linux-gnu file names to x86_64-unknown-linux-gnu format
configure:5003: result: func_convert_file_noop
configure:5010: checking how to convert x86_64-unknown-linux-gnu file names to toolchain format
configure:5030: result: func_convert_file_noop
configure:5037: checking for /usr/bin/ld option to reload object files
configure:5044: result: -r
configure:5118: checking for objdump
configure:5134: found /usr/bin/objdump
configure:5145: result: objdump
configure:5177: checking how to recognize dependent libraries
configure:5377: result: pass_all
configure:5462: checking for dlltool
configure:5478: found /usr/bin/dlltool
configure:5489: result: dlltool
configure:5522: checking how to associate runtime and link libraries
configure:5549: result: printf %s\n
configure:5610: checking for ar
configure:5626: found /usr/bin/ar
configure:5637: result: ar
configure:5674: checking for archiver @FILE support
configure:5691: gcc -c -ffloat-store -fexcess-precision=standard -g  conftest.c >&5
configure:5691: $? = 0
configure:5694: ar cru libconftest.a @conftest.lst >&5
configure:5697: $? = 0
configure:5702: ar cru libconftest.a @conftest.lst >&5
ar: conftest.o: No such file or directory
configure:5705: $? = 1
configure:5717: result: @
configure:5775: checking for strip
configure:5791: found /usr/bin/strip
configure:5802: result: strip
configure:5874: checking for ranlib
configure:5890: found /usr/bin/ranlib
configure:5901: result: ranlib
configure:6003: checking command to parse /usr/bin/nm -B output from gcc object
configure:6156: gcc -c -ffloat-store -fexcess-precision=standard -g  conftest.c >&5
configure:6159: $? = 0
configure:6163: /usr/bin/nm -B conftest.o \| sed -n -e 's/^.*[ ]\([ABCDGIRSTW][ABCDGIRSTW]*\)[ ][ ]*\([_A-Za-z][_A-Za-z0-9]*\)$/\1 \2 \2/p' | sed '/ __gnu_lto/d' \> conftest.nm
configure:6166: $? = 0
configure:6232: gcc -o conftest -ffloat-store -fexcess-precision=standard -g   conftest.c conftstm.o >&5
configure:6235: $? = 0
configure:6273: result: ok
configure:6320: checking for sysroot
configure:6350: result: no
configure:6357: checking for a working dd
configure:6395: result: /usr/bin/dd
configure:6399: checking how to truncate binary pipes
configure:6414: result: /usr/bin/dd bs=4096 count=1
configure:6550: gcc -c -ffloat-store -fexcess-precision=standard -g  conftest.c >&5
configure:6553: $? = 0
configure:6743: checking for mt
configure:6759: found /bin/mt
configure:6770: result: mt
configure:6793: checking if mt is a manifest tool
configure:6799: mt '-?'
usage: mt [-v] [--version] [-h] [ -f device ] command [ count ]
default tape device: /dev/tape
configure:6807: result: no
configure:7484: checking how to run the C preprocessor
configure:7515: gcc -E  conftest.c
configure:7515: $? = 0
configure:7529: gcc -E  conftest.c
conftest.c:16:10: fatal error: ac_nonexistent.h: No such file or directory
   16 | #include <ac_nonexistent.h>
      |          ^~~~~~~~~~~~~~~~~~
compilation terminated.
configure:7529: $? = 1
configure: failed program was:
| /* confdefs.h */
| #define PACKAGE_NAME "nbi"
| #define PACKAGE_TARNAME "nbi"
| #define PACKAGE_VERSION "0.1"
| #define PACKAGE_STRING "nbi 0.1"
| #define PACKAGE_BUGREPORT ""
| #define PACKAGE_URL ""
| #define PACKAGE "nbi"
| #define VERSION "0.1"
| #define NBI_MAJOR_VERSION 0
| #define NBI_MINOR_VERSION 1
| #define NBI_MICRO_VERSION 0
| #define NBI_INTERFACE_AGE 0
| #define NBI_BINARY_AGE 0
| /* end confdefs.h.  */
| #include <ac_nonexistent.h>
configure:7554: result: gcc -E
configure:7574: gcc -E  conftest.c
configure:7574: $? = 0
configure:7588: gcc -E  conftest.c
conftest.c:16:10: fatal error: ac_nonexistent.h: No such file or directory
   16 | #include <ac_nonexistent.h>
      |          ^~~~~~~~~~~~~~~~~~
compilation terminated.
configure:7588: $? = 1
configure: failed program was:
| /* confdefs.h */
| #define PACKAGE_NAME "nbi"
| #define PACKAGE_TARNAME "nbi"
| #define PACKAGE_VERSION "0.1"
| #define PACKAGE_STRING "nbi 0.1"
| #define PACKAGE_BUGREPORT ""
| #define PACKAGE_URL ""
| #define PACKAGE "nbi"
| #define VERSION "0.1"
| #define NBI_MAJOR_VERSION 0
| #define NBI_MINOR_VERSION 1
| #define NBI_MICRO_VERSION 0
| #define NBI_INTERFACE_AGE 0
| #define NBI_BINARY_AGE 0
| /* end confdefs.h.  */
| #include <ac_nonexistent.h>
configure:7617: checking for ANSI C header files
configure:7637: gcc -c -ffloat-store -fexcess-precision=standard -g  conftest.c >&5
configure:7637: $? = 0
configure:7710: gcc -o conftest -ffloat-store -fexcess-precision=standard -g   conftest.c  >&5
configure:7710: $? = 0
configure:7710: ./conftest
configure:7710: $? = 0
configure:7721: result: yes
configure:7734: checking for sys/types.h
configure:7734: gcc -c -ffloat-store -fexcess-precision=standard -g  conftest.c >&5
configure:7734: $? = 0
configure:7734: result: yes
configure:7734: checking for sys/stat.h
configure:7734: gcc -c -ffloat-store -fexcess-precision=standard -g  conftest.c >&5
configure:7734: $? = 0
configure:7734: result: yes
configure:7734: checking for stdlib.h
configure:7734: gcc -c -ffloat-store -fexcess-precision=standard -g  conftest.c >&5
configure:7734: $? = 0
configure:7734: result: yes
configure:7734: checking for string.h
configure:7734: gcc -c -ffloat-store -fexcess-precision=standard -g  conftest.c >&5
configure:7734: $? = 0
configure:7734: result: yes
configure:7734: checking for memory.h
configure:7734: gcc -c -ffloat-store -fexcess-precision=standard -g  conftest.c >&5
configure:7734: $? = 0
configure:7734: result: yes
configure:7734: checking for strings.h
configure:7734: gcc -c -ffloat-store -fexcess-precision=standard -g  conftest.c >&5
configure:7734: $? = 0
configure:7734: result: yes
configure:7734: checking for inttypes.h
configure:7734: gcc -c -ffloat-store -fexcess-precision=standard -g  conftest.c >&5
configure:7734: $? = 0
configure:7734: result: yes
configure:7734: checking for stdint.h
configure:7734: gcc -c -ffloat-store -fexcess-precision=standard -g  conftest.c >&5
configure:7734: $? = 0
configure:7734: result: yes
configure:7734: checking for unistd.h
configure:7734: gcc -c -ffloat-store -fexcess-precision=standard -g  conftest.c >&5
configure:7734: $? = 0
configure:7734: result: yes
configure:7748: checking for dlfcn.h
configure:7748: gcc -c -ffloat-store -fexcess-precision=standard -g  conftest.c >&5
configure:7748: $? = 0
configure:7748: result: yes
configure:8004: checking for objdir
configure:8019: result: .libs
configure:8283: checking if gcc supports -fno-rtti -fno-exceptions
configure:8301: gcc -c -ffloat-store -fexcess-precision=standard -g  -fno-rtti -fno-exceptions conftest.c >&5
cc1: warning: command-line option '-fno-rtti' is valid for C++/D/ObjC++ but not for C
configure:8305: $? = 0
configure:8318: result: no
configure:8676: checking for gcc option to produce PIC
configure:8683: result: -fPIC -DPIC
configure:8691: checking if gcc PIC flag -fPIC -DPIC works
configure:8709: gcc -c -ffloat-store -fexcess-precision=standard -g  -fPIC -DPIC -DPIC conftest.c >&5
configure:8713: $? = 0
configure:8726: result: yes
configure:8755: checking if gcc static flag -static works
configure:8783: result: yes
configure:8798: checking if gcc supports -c -o file.o
configure:8819: gcc -c -ffloat-store -fexcess-precision=standard -g  -o out/conftest2.o conftest.c >&5
configure:8823: $? = 0
configure:8845: result: yes
configure:8853: checking if gcc supports -c -o file.o
configure:8900: result: yes
configure:8933: checking whether the gcc linker (/usr/bin/ld -m elf_x86_64) supports shared libraries
configure:10192: result: yes
configure:10229: checking whether -lc should be explicitly linked in
configure:10237: gcc -c -ffloat-store -fexcess-precision=standard -g  conftest.c >&5
configure:10240: $? = 0
configure:10255: gcc -shared  -fPIC -DPIC conftest.o  -v -Wl,-soname -Wl,conftest -o conftest 2\>\&1 \| /usr/bin/grep  -lc  \>/dev/null 2\>\&1
configure:10258: $? = 0
configure:10272: result: no
configure:10432: checking dynamic linker characteristics
configure:11013: gcc -o conftest -ffloat-store -fexcess-precision=standard -g   -Wl,-rpath -Wl,/foo conftest.c  >&5
configure:11013: $? = 0
configure:11250: result: GNU/Linux ld.so
configure:11372: checking how to hardcode library paths into programs
configure:11397: result: immediate
configure:11945: checking whether stripping libraries is possible
configure:11950: result: yes
configure:11985: checking if libtool supports shared libraries
configure:11987: result: yes
configure:11990: checking whether to build shared libraries
configure:12015: result: yes
configure:12018: checking whether to build static libraries
configure:12022: result: yes
configure:12110: checking for gcc
configure:12137: result: gcc
configure:12366: checking for C compiler version
configure:12375: gcc --version >&5
gcc (GCC) 11.2.0
Copyright (C) 2021 Free Software Foundation, Inc.
This is free software; see the source for copying conditions.  There is NO
warranty; not even for MERCHANTABILITY or FITNESS FOR A PARTICULAR PURPOSE.

configure:12386: $? = 0
configure:12375: gcc -v >&5
Reading specs from /usr/lib64/gcc/x86_64-slackware-linux/11.2.0/specs
COLLECT_GCC=gcc
COLLECT_LTO_WRAPPER=/usr/libexec/gcc/x86_64-slackware-linux/11.2.0/lto-wrapper
Target: x86_64-slackware-linux
Configured with: ../configure --prefix=/usr --libdir=/usr/lib64 --mandir=/usr/man --infodir=/usr/info --enable-shared --enable-bootstrap --enable-languages=ada,brig,c,c++,d,fortran,go,lto,objc,obj-c++ --enable-threads=posix --enable-checking=release --enable-objc-gc --with-system-zlib --enable-libstdcxx-dual-abi --with-default-libstdcxx-abi=new --disable-libstdcxx-pch --disable-libunwind-exceptions --enable-__cxa_atexit --disable-libssp --enable-gnu-unique-object --enable-plugin --enable-lto --disable-install-libiberty --disable-werror --with-gnu-ld --with-isl --verbose --with-arch-directory=amd64 --disable-gtktest --enable-clocale=gnu --disable-multilib --target=x86_64-slackware-linux --build=x86_64-slackware-linux --host=x86_64-slackware-linux
Thread model: posix
Supported LTO compression algorithms: zlib zstd
gcc version 11.2.0 (GCC) 
configure:12386: $? = 0
configure:12375: gcc -V >&5
gcc: error: unrecognized command-line option '-V'
gcc: fatal error: no input files
compilation terminated.
configure:12386: $? = 1
configure:12375: gcc -qversion >&5
gcc: error: unrecognized command-line option '-qversion'; did you mean '--version'?
gcc: fatal error: no input files
compilation terminated.
configure:12386: $? = 1
configure:12390: checking whether we are using the GNU C compiler
configure:12418: result: yes
configure:12427: checking whether gcc accepts -g
configure:12488: result: yes
configure:12505: checking for gcc option to accept ISO C89
configure:12581: result: none needed
configure:12606: checking whether gcc understands -c and -o together
configure:12643: result: yes
configure:12662: checking dependency style of gcc
configure:12773: result: gcc3
configure:12798: checking for gawk
configure:12825: result: gawk
configure:12836: checking for library containing strerror
configure:12867: gcc -o conftest -ffloat-store -fexcess-precision=standard -g -Wall -Werror-implicit-function-declaration -Wstrict-prototypes -Wmissing-prototypes -Wmissing-declarations   conftest.c  >&5
conftest.c:35:1: warning: function declaration isn't a prototype [-Wstrict-prototypes]
   35 | char strerror ();
      | ^~~~
conftest.c:37:1: warning: function declaration isn't a prototype [-Wstrict-prototypes]
   37 | main ()
      | ^~~~
configure:12867: $? = 0
configure:12884: result: none required
configure:12892: checking for ANSI C header files
configure:12996: result: yes
configure:13007: checking for sqt-config
configure:13023: found /home/michael/Codes/bin/sqt-config
configure:13035: result: yes
configure:13063: checking for agg-config
configure:13079: found /home/michael/Codes/bin/agg-config
configure:13091: result: yes
configure:13119: checking for wbfmm-config
configure:13135: found /home/michael/Codes/bin/wbfmm-config
configure:13147: result: yes
configure:13175: checking for blaswrap-config
configure:13191: found /home/michael/Codes/bin/blaswrap-config
configure:13203: result: yes
configure:13348: checking for pkg-config
configure:13366: found /usr/bin/pkg-config
configure:13378: result: /usr/bin/pkg-config
configure:13403: checking pkg-config is at least version 0.16
configure:13406: result: yes
configure:13424: checking for glib-2.0 >= 2.4.0 gthread-2.0 gmodule-2.0
configure:13431: $PKG_CONFIG --exists --print-errors "$pkg_config_args"
configure:13434: $? = 0
configure:13448: $PKG_CONFIG --exists --print-errors "$pkg_config_args"
configure:13451: $? = 0
configure:13489: result: yes
configure:13499: $PKG_CONFIG --exists --print-errors "glib-2.0"
configure:13502: $? = 0
configure:13522: $PKG_CONFIG --exists --print-errors "glib-2.0"
configure:13525: $? = 0
configure:13545: $PKG_CONFIG --exists --print-errors "glib-2.0"
configure:13548: $? = 0
configure:13568: $PKG_CONFIG --exists --print-errors "gio-2.0"
configure:13571: $? = 0
configure:13587: checking for GLIB - version >= 2.4.0
configure:13692: gcc -o conftest -ffloat-store -fexcess-precision=standard -g -Wall -Werror-implicit-function-declaration -Wstrict-prototypes -Wmissing-prototypes -Wmissing-declarations -pthread -I/usr/include/glib-2.0 -I/usr/lib64/glib-2.0/include   conftest.c -lgthread-2.0 -pthread -Wl,--export-dynamic -lgmodule-2.0 -pthread -lglib-2.0  >&5
configure:13692: $? = 0
configure:13692: ./conftest
configure:13692: $? = 0
configure:13706: result: yes (version 2.70.3)
configure:14114: checking for gcc __builtin_cpu_init function
configure:14137: gcc -o conftest -ffloat-store -fexcess-precision=standard -g -Wall -Werror-implicit-function-declaration -Wstrict-prototypes -Wmissing-prototypes -Wmissing-declarations   conftest.c  >&5
conftest.c:36:1: warning: function declaration isn't a prototype [-Wstrict-prototypes]
   36 | main ()
      | ^~~~
configure:14137: $? = 0
configure:14137: ./conftest
configure:14137: $? = 0
configure:14147: result: yes
configure:14162: checking for x86 avx instruction support
configure:14188: gcc -o conftest -ffloat-store -fexcess-precision=standard -g -Wall -Werror-implicit-function-declaration -Wstrict-prototypes -Wmissing-prototypes -Wmissing-declarations   conftest.c  >&5
conftest.c:36:1: warning: function declaration isn't a prototype [-Wstrict-prototypes]
   36 | main ()
      | ^~~~
configure:14188: $? = 0
configure:14188: ./conftest
configure:14188: $? = 0
configure:14200: result: yes
configure:14225: checking for x86 avx2 instruction support
configure:14251: gcc -o conftest -ffloat-store -fexcess-precision=standard -g -Wall -Werror-implicit-function-declaration -Wstrict-prototypes -Wmissing-prototypes -Wmissing-declarations   conftest.c  >&5
conftest.c:37:1: warning: function declaration isn't a prototype [-Wstrict-prototypes]
   37 | main ()
      | ^~~~
configure:14251: $? = 0
configure:14251: ./conftest
configure:14251: $? = 0
configure:14263: result: yes
configure:14288: checking for x86 fma instruction support
configure:14314: gcc -o conftest -ffloat-store -fexcess-precision=standard -g -Wall -Werror-implicit-function-declaration -Wstrict-prototypes -Wmissing-prototypes -Wmissing-declarations   conftest.c  >&5
conftest.c:38:1: warning: function declaration isn't a prototype [-Wstrict-prototypes]
   38 | main ()
      | ^~~~
configure:14314: $? = 0
configure:14314: ./conftest
configure:14314: $? = 0
configure:14326: result: yes
configure:14350: checking for cos in -lm
configure:14375: gcc -o conftest -ffloat-store -fexcess-precision=standard -g -Wall -Werror-implicit-function-declaration -Wstrict-prototypes -Wmissing-prototypes -Wmissing-declarations   conftest.c -lm   >&5
conftest.c:44:1: warning: function declaration isn't a prototype [-Wstrict-prototypes]
   44 | char cos ();
      | ^~~~
conftest.c:44:6: warning: conflicting types for built-in function 'cos'; expected 'double(double)' [-Wbuiltin-declaration-mismatch]
   44 | char cos ();
      |      ^~~
conftest.c:1:1: note: 'cos' is declared in header '<math.h>'
    1 | /* confdefs.h */
conftest.c:46:1: warning: function declaration isn't a prototype [-Wstrict-prototypes]
   46 | main ()
      | ^~~~
configure:14375: $? = 0
configure:14384: result: yes
configure:14405: checking for gcc option to support OpenMP
configure:14420: gcc -o conftest -ffloat-store -fexcess-precision=standard -g -Wall -Werror-implicit-function-declaration -Wstrict-prototypes -Wmissing-prototypes -Wmissing-declarations   conftest.c -lm  >&5
conftest.c:40:2: error: unknown type name 'choke'
   40 |  choke me
      |  ^~~~~
conftest.c:40:10: error: expected ';' before 'typedef'
   40 |  choke me
      |          ^
      |          ;
conftest.c:43:5: warning: function declaration isn't a prototype [-Wstrict-prototypes]
   43 | int main () { return omp_get_num_threads (); }
      |     ^~~~
configure:14420: $? = 1
configure: failed program was:
| /* confdefs.h */
| #define PACKAGE_NAME "nbi"
| #define PACKAGE_TARNAME "nbi"
| #define PACKAGE_VERSION "0.1"
| #define PACKAGE_STRING "nbi 0.1"
| #define PACKAGE_BUGREPORT ""
| #define PACKAGE_URL ""
| #define PACKAGE "nbi"
| #define VERSION "0.1"
| #define NBI_MAJOR_VERSION 0
| #define NBI_MINOR_VERSION 1
| #define NBI_MICRO_VERSION 0
| #define NBI_INTERFACE_AGE 0
| #define NBI_BINARY_AGE 0
| #define STDC_HEADERS 1
| #define HAVE_SYS_TYPES_H 1
| #define HAVE_SYS_STAT_H 1
| #define HAVE_STDLIB_H 1
| #define HAVE_STRING_H 1
| #define HAVE_MEMORY_H 1
| #define HAVE_STRINGS_H 1
| #define HAVE_INTTYPES_H 1
| #define HAVE_STDINT_H 1
| #define HAVE_UNISTD_H 1
| #define HAVE_DLFCN_H 1
| #define LT_OBJDIR ".libs/"
| #define STDC_HEADERS 1
| #define HAVE_SQT 1
| #define HAVE_AGG 1
| #define HAVE_WBFMM 1
| #define HAVE_BLASWRAP 1
| #define HAVE_PETSC 1
| #define HAVE_AVX_INSTRUCTIONS 1
| #define HAVE_AVX2_INSTRUCTIONS 1
| #define HAVE_FMA_INSTRUCTIONS 1
| #define HAVE_LIBM 1
| /* end confdefs.h.  */
| 
| #ifndef _OPENMP
|  choke me
| #endif
| #include <omp.h>
| int main () { return omp_get_num_threads (); }
| 
configure:14438: gcc -o conftest -ffloat-store -fexcess-precision=standard -g -Wall -Werror-implicit-function-declaration -Wstrict-prototypes -Wmissing-prototypes -Wmissing-declarations -fopenmp   conftest.c -lm  >&5
conftest.c:43:5: warning: function declaration isn't a prototype [-Wstrict-prototypes]
   43 | int main () { return omp_get_num_threads (); }
      |     ^~~~
configure:14438: $? = 0
configure:14452: result: -fopenmp
configure:14516: checking for g77
configure:14532: found /usr/bin/g77
configure:14543: result: g77
configure:14569: checking for Fortran 77 compiler version
configure:14578: g77 --version >&5
GNU Fortran (GCC) 11.2.0
Copyright (C) 2021 Free Software Foundation, Inc.
This is free software; see the source for copying conditions.  There is NO
warranty; not even for MERCHANTABILITY or FITNESS FOR A PARTICULAR PURPOSE.

configure:14589: $? = 0
configure:14578: g77 -v >&5
Reading specs from /usr/lib64/gcc/x86_64-slackware-linux/11.2.0/specs
COLLECT_GCC=g77
COLLECT_LTO_WRAPPER=/usr/libexec/gcc/x86_64-slackware-linux/11.2.0/lto-wrapper
Target: x86_64-slackware-linux
Configured with: ../configure --prefix=/usr --libdir=/usr/lib64 --mandir=/usr/man --infodir=/usr/info --enable-shared --enable-bootstrap --enable-languages=ada,brig,c,c++,d,fortran,go,lto,objc,obj-c++ --enable-threads=posix --enable-checking=release --enable-objc-gc --with-system-zlib --enable-libstdcxx-dual-abi --with-default-libstdcxx-abi=new --disable-libstdcxx-pch --disable-libunwind-exceptions --enable-__cxa_atexit --disable-libssp --enable-gnu-unique-object --enable-plugin --enable-lto --disable-install-libiberty --disable-werror --with-gnu-ld --with-isl --verbose --with-arch-directory=amd64 --disable-gtktest --enable-clocale=gnu --disable-multilib --target=x86_64-slackware-linux --build=x86_64-slackware-linux --host=x86_64-slackware-linux
Thread model: posix
Supported LTO compression algorithms: zlib zstd
gcc version 11.2.0 (GCC) 
configure:14589: $? = 0
configure:14578: g77 -V >&5
g77: error: unrecognized command-line option '-V'
g77: fatal error: no input files
compilation terminated.
configure:14589: $? = 1
configure:14578: g77 -qversion >&5
g77: error: unrecognized command-line option '-qversion'; did you mean '--version'?
g77: fatal error: no input files
compilation terminated.
configure:14589: $? = 1
configure:14598: checking whether we are using the GNU Fortran 77 compiler
configure:14611: g77 -c  conftest.F >&5
configure:14611: $? = 0
configure:14620: result: yes
configure:14626: checking whether g77 accepts -g
configure:14637: g77 -c -g conftest.f >&5
configure:14637: $? = 0
configure:14645: result: yes
configure:14774: checking if libtool supports shared libraries
configure:14776: result: yes
configure:14779: checking whether to build shared libraries
configure:14803: result: yes
configure:14806: checking whether to build static libraries
configure:14810: result: yes
configure:15162: checking for g77 option to produce PIC
configure:15169: result: -fPIC
configure:15177: checking if g77 PIC flag -fPIC works
configure:15195: g77 -c -g -O2 -fPIC conftest.f >&5
configure:15199: $? = 0
configure:15212: result: yes
configure:15235: checking if g77 static flag -static works
configure:15263: result: yes
configure:15275: checking if g77 supports -c -o file.o
configure:15296: g77 -c -g -O2 -o out/conftest2.o conftest.f >&5
configure:15300: $? = 0
configure:15322: result: yes
configure:15327: checking if g77 supports -c -o file.o
configure:15374: result: yes
configure:15404: checking whether the g77 linker (/usr/bin/ld -m elf_x86_64) supports shared libraries
configure:16613: result: yes
configure:16754: checking dynamic linker characteristics
configure:17493: result: GNU/Linux ld.so
configure:17558: checking how to hardcode library paths into programs
configure:17583: result: immediate
configure:17620: checking how to get verbose linking output from g77
configure:17630: g77 -c -g -O2 conftest.f >&5
configure:17630: $? = 0
configure:17648: g77 -o conftest -g -O2 -v conftest.f -lm
Reading specs from /usr/lib64/gcc/x86_64-slackware-linux/11.2.0/specs
Target: x86_64-slackware-linux
Thread model: posix
Supported LTO compression algorithms: zlib zstd
gcc version 11.2.0 (GCC) 
 /usr/libexec/gcc/x86_64-slackware-linux/11.2.0/f951 conftest.f -ffixed-form -quiet -dumpbase conftest.f -dumpbase-ext .f -mtune=generic -march=x86-64 -g -O2 -version -fintrinsic-modules-path /usr/lib64/gcc/x86_64-slackware-linux/11.2.0/finclude -fpre-include=/usr/include/finclude/math-vector-fortran.h -o /tmp/ccMH44ue.s
GNU Fortran (GCC) version 11.2.0 (x86_64-slackware-linux)
	compiled by GNU C version 11.2.0, GMP version 6.2.1, MPFR version 4.1.0, MPC version 1.2.1, isl version isl-0.24-GMP

GGC heuristics: --param ggc-min-expand=100 --param ggc-min-heapsize=131072
GNU Fortran2008 (GCC) version 11.2.0 (x86_64-slackware-linux)
	compiled by GNU C version 11.2.0, GMP version 6.2.1, MPFR version 4.1.0, MPC version 1.2.1, isl version isl-0.24-GMP

GGC heuristics: --param ggc-min-expand=100 --param ggc-min-heapsize=131072
 as -v --gdwarf-5 --64 -o /tmp/ccps0k6x.o /tmp/ccMH44ue.s
GNU assembler version 2.37 (x86_64-slackware-linux) using BFD version version 2.37-slack15
Reading specs from /usr/lib64/gcc/x86_64-slackware-linux/11.2.0/../../../../lib64/libgfortran.spec
rename spec lib to liborig
 /usr/libexec/gcc/x86_64-slackware-linux/11.2.0/collect2 -plugin /usr/libexec/gcc/x86_64-slackware-linux/11.2.0/liblto_plugin.so -plugin-opt=/usr/libexec/gcc/x86_64-slackware-linux/11.2.0/lto-wrapper -plugin-opt=-fresolution=/tmp/cc3x93dO.res -plugin-opt=-pass-through=-lgcc_s -plugin-opt=-pass-through=-lgcc -plugin-opt=-pass-through=-lquadmath -plugin-opt=-pass-through=-lm -plugin-opt=-pass-through=-lgcc_s -plugin-opt=-pass-through=-lgcc -plugin-opt=-pass-through=-lc -plugin-opt=-pass-through=-lgcc_s -plugin-opt=-pass-through=-lgcc --eh-frame-hdr -m elf_x86_64 -dynamic-linker /lib64/ld-linux-x86-64.so.2 -o conftest /usr/lib64/gcc/x86_64-slackware-linux/11.2.0/../../../../lib64/crt1.o /usr/lib64/gcc/x86_64-slackware-linux/11.2.0/../../../../lib64/crti.o /usr/lib64/gcc/x86_64-slackware-linux/11.2.0/crtbegin.o -L/usr/lib64/gcc/x86_64-slackware-linux/11.2.0 -L/usr/lib64/gcc/x86_64-slackware-linux/11.2.0/../../../../lib64 -L/lib/../lib64 -L/usr/lib/../lib64 -L/usr/lib64/gcc/x86_64-slackware-linux/11.2.0/../../.. /tmp/ccps0k6x.o -lgfortran -lm -lgfortran -lm -lgcc_s -lgcc -lquadmath -lm -lgcc_s -lgcc -lc -lgcc_s -lgcc /usr/lib64/gcc/x86_64-slackware-linux/11.2.0/crtend.o /usr/lib64/gcc/x86_64-slackware-linux/11.2.0/../../../../lib64/crtn.o
configure:17731: result: -v
configure:17733: checking for Fortran 77 libraries of g77
configure:17756: g77 -o conftest -g -O2 -v conftest.f -lm
Reading specs from /usr/lib64/gcc/x86_64-slackware-linux/11.2.0/specs
Target: x86_64-slackware-linux
Thread model: posix
Supported LTO compression algorithms: zlib zstd
gcc version 11.2.0 (GCC) 
 /usr/libexec/gcc/x86_64-slackware-linux/11.2.0/f951 conftest.f -ffixed-form -quiet -dumpbase conftest.f -dumpbase-ext .f -mtune=generic -march=x86-64 -g -O2 -version -fintrinsic-modules-path /usr/lib64/gcc/x86_64-slackware-linux/11.2.0/finclude -fpre-include=/usr/include/finclude/math-vector-fortran.h -o /tmp/cc17lgel.s
GNU Fortran (GCC) version 11.2.0 (x86_64-slackware-linux)
	compiled by GNU C version 11.2.0, GMP version 6.2.1, MPFR version 4.1.0, MPC version 1.2.1, isl version isl-0.24-GMP

GGC heuristics: --param ggc-min-expand=100 --param ggc-min-heapsize=131072
GNU Fortran2008 (GCC) version 11.2.0 (x86_64-slackware-linux)
	compiled by GNU C version 11.2.0, GMP version 6.2.1, MPFR version 4.1.0, MPC version 1.2.1, isl version isl-0.24-GMP

GGC heuristics: --param ggc-min-expand=100 --param ggc-min-heapsize=131072
 as -v --gdwarf-5 --64 -o /tmp/cc67XEwU.o /tmp/cc17lgel.s
GNU assembler version 2.37 (x86_64-slackware-linux) using BFD version version 2.37-slack15
Reading specs from /usr/lib64/gcc/x86_64-slackware-linux/11.2.0/../../../../lib64/libgfortran.spec
rename spec lib to liborig
 /usr/libexec/gcc/x86_64-slackware-linux/11.2.0/collect2 -plugin /usr/libexec/gcc/x86_64-slackware-linux/11.2.0/liblto_plugin.so -plugin-opt=/usr/libexec/gcc/x86_64-slackware-linux/11.2.0/lto-wrapper -plugin-opt=-fresolution=/tmp/cctERK5b.res -plugin-opt=-pass-through=-lgcc_s -plugin-opt=-pass-through=-lgcc -plugin-opt=-pass-through=-lquadmath -plugin-opt=-pass-through=-lm -plugin-opt=-pass-through=-lgcc_s -plugin-opt=-pass-through=-lgcc -plugin-opt=-pass-through=-lc -plugin-opt=-pass-through=-lgcc_s -plugin-opt=-pass-through=-lgcc --eh-frame-hdr -m elf_x86_64 -dynamic-linker /lib64/ld-linux-x86-64.so.2 -o conftest /usr/lib64/gcc/x86_64-slackware-linux/11.2.0/../../../../lib64/crt1.o /usr/lib64/gcc/x86_64-slackware-linux/11.2.0/../../../../lib64/crti.o /usr/lib64/gcc/x86_64-slackware-linux/11.2.0/crtbegin.o -L/usr/lib64/gcc/x86_64-slackware-linux/11.2.0 -L/usr/lib64/gcc/x86_64-slackware-linux/11.2.0/../../../../lib64 -L/lib/../lib64 -L/usr/lib/../lib64 -L/usr/lib64/gcc/x86_64-slackware-linux/11.2.0/../../.. /tmp/cc67XEwU.o -lgfortran -lm -lgfortran -lm -lgcc_s -lgcc -lquadmath -lm -lgcc_s -lgcc -lc -lgcc_s -lgcc /usr/lib64/gcc/x86_64-slackware-linux/11.2.0/crtend.o /usr/lib64/gcc/x86_64-slackware-linux/11.2.0/../../../../lib64/crtn.o
configure:17952: result:  -L/usr/lib64/gcc/x86_64-slackware-linux/11.2.0 -L/usr/lib64/gcc/x86_64-slackware-linux/11.2.0/../../../../lib64 -L/lib/../lib64 -L/usr/lib/../lib64 -L/usr/lib64/gcc/x86_64-slackware-linux/11.2.0/../../.. -lgfortran -lm -lquadmath
configure:17968: checking for dummy main to link with Fortran 77 libraries
configure:18002: gcc -o conftest -ffloat-store -fexcess-precision=standard -g -Wall -Werror-implicit-function-declaration -Wstrict-prototypes -Wmissing-prototypes -Wmissing-declarations   conftest.c -lm   -L/usr/lib64/gcc/x86_64-slackware-linux/11.2.0 -L/usr/lib64/gcc/x86_64-slackware-linux/11.2.0/../../../../lib64 -L/lib/../lib64 -L/usr/lib/../lib64 -L/usr/lib64/gcc/x86_64-slackware-linux/11.2.0/../../.. -lgfortran -lm -lquadmath >&5
conftest.c:48:1: warning: function declaration isn't a prototype [-Wstrict-prototypes]
   48 | main ()
      | ^~~~
configure:18002: $? = 0
configure:18047: result: none
configure:18080: checking for Fortran 77 name-mangling scheme
configure:18093: g77 -c -g -O2 conftest.f >&5
configure:18093: $? = 0
configure:18134: gcc -o conftest -ffloat-store -fexcess-precision=standard -g -Wall -Werror-implicit-function-declaration -Wstrict-prototypes -Wmissing-prototypes -Wmissing-declarations   conftest.c cfortran_test.o -lm   -L/usr/lib64/gcc/x86_64-slackware-linux/11.2.0 -L/usr/lib64/gcc/x86_64-slackware-linux/11.2.0/../../../../lib64 -L/lib/../lib64 -L/usr/lib/../lib64 -L/usr/lib64/gcc/x86_64-slackware-linux/11.2.0/../../.. -lgfortran -lm -lquadmath >&5
conftest.c:45:1: warning: function declaration isn't a prototype [-Wstrict-prototypes]
   45 | char foobar ();
      | ^~~~
conftest.c:55:1: warning: function declaration isn't a prototype [-Wstrict-prototypes]
   55 | main ()
      | ^~~~
/usr/bin/ld: /tmp/cc9dibEJ.o: in function `main':
/home/michael/Codes/Libraries/nbi/conftest.c:57: undefined reference to `foobar'
collect2: error: ld returned 1 exit status
configure:18134: $? = 1
configure: failed program was:
| /* confdefs.h */
| #define PACKAGE_NAME "nbi"
| #define PACKAGE_TARNAME "nbi"
| #define PACKAGE_VERSION "0.1"
| #define PACKAGE_STRING "nbi 0.1"
| #define PACKAGE_BUGREPORT ""
| #define PACKAGE_URL ""
| #define PACKAGE "nbi"
| #define VERSION "0.1"
| #define NBI_MAJOR_VERSION 0
| #define NBI_MINOR_VERSION 1
| #define NBI_MICRO_VERSION 0
| #define NBI_INTERFACE_AGE 0
| #define NBI_BINARY_AGE 0
| #define STDC_HEADERS 1
| #define HAVE_SYS_TYPES_H 1
| #define HAVE_SYS_STAT_H 1
| #define HAVE_STDLIB_H 1
| #define HAVE_STRING_H 1
| #define HAVE_MEMORY_H 1
| #define HAVE_STRINGS_H 1
| #define HAVE_INTTYPES_H 1
| #define HAVE_STDINT_H 1
| #define HAVE_UNISTD_H 1
| #define HAVE_DLFCN_H 1
| #define LT_OBJDIR ".libs/"
| #define STDC_HEADERS 1
| #define HAVE_SQT 1
| #define HAVE_AGG 1
| #define HAVE_WBFMM 1
| #define HAVE_BLASWRAP 1
| #define HAVE_PETSC 1
| #define HAVE_AVX_INSTRUCTIONS 1
| #define HAVE_AVX2_INSTRUCTIONS 1
| #define HAVE_FMA_INSTRUCTIONS 1
| #define HAVE_LIBM 1
| /* end confdefs.h.  */
| 
| /* Override any GCC internal prototype to avoid an error.
|    Use char because int might match the return type of a GCC
|    builtin and then its argument prototype would still apply.  */
| #ifdef __cplusplus
| extern "C"
| #endif
| char foobar ();
| #ifdef F77_DUMMY_MAIN
| 
| #  ifdef __cplusplus
|      extern "C"
| #  endif
|    int F77_DUMMY_MAIN() { return 1; }
| 
| #endif
| int
| main ()
| {
| return foobar ();
|   ;
|   return 0;
| }
configure:18134: gcc -o conftest -ffloat-store -fexcess-precision=standard -g -Wall -Werror-implicit-function-declaration -Wstrict-prototypes -Wmissing-prototypes -Wmissing-declarations   conftest.c cfortran_test.o -lm   -L/usr/lib64/gcc/x86_64-slackware-linux/11.2.0 -L/usr/lib64/gcc/x86_64-slackware-linux/11.2.0/../../../../lib64 -L/lib/../lib64 -L/usr/lib/../lib64 -L/usr/lib64/gcc/x86_64-slackware-linux/11.2.0/../../.. -lgfortran -lm -lquadmath >&5
conftest.c:45:1: warning: function declaration isn't a prototype [-Wstrict-prototypes]
   45 | char foobar_ ();
      | ^~~~
conftest.c:55:1: warning: function declaration isn't a prototype [-Wstrict-prototypes]
   55 | main ()
      | ^~~~
configure:18134: $? = 0
configure:18192: gcc -o conftest -ffloat-store -fexcess-precision=standard -g -Wall -Werror-implicit-function-declaration -Wstrict-prototypes -Wmissing-prototypes -Wmissing-declarations   conftest.c cfortran_test.o -lm   -L/usr/lib64/gcc/x86_64-slackware-linux/11.2.0 -L/usr/lib64/gcc/x86_64-slackware-linux/11.2.0/../../../../lib64 -L/lib/../lib64 -L/usr/lib/../lib64 -L/usr/lib64/gcc/x86_64-slackware-linux/11.2.0/../../.. -lgfortran -lm -lquadmath >&5
conftest.c:45:1: warning: function declaration isn't a prototype [-Wstrict-prototypes]
   45 | char foo_bar_ ();
      | ^~~~
conftest.c:55:1: warning: function declaration isn't a prototype [-Wstrict-prototypes]
   55 | main ()
      | ^~~~
configure:18192: $? = 0
configure:18234: result: lower case, underscore, no extra underscore
configure:18416: checking for sgemm_
configure:18416: gcc -o conftest -ffloat-store -fexcess-precision=standard -g -Wall -Werror-implicit-function-declaration -Wstrict-prototypes -Wmissing-prototypes -Wmissing-declarations   conftest.c -lm   -L/usr/lib64/gcc/x86_64-slackware-linux/11.2.0 -L/usr/lib64/gcc/x86_64-slackware-linux/11.2.0/../../../../lib64 -L/lib/../lib64 -L/usr/lib/../lib64 -L/usr/lib64/gcc/x86_64-slackware-linux/11.2.0/../../.. -lgfortran -lm -lquadmath >&5
conftest.c:63:1: warning: function declaration isn't a prototype [-Wstrict-prototypes]
   63 | char sgemm_ ();
      | ^~~~
conftest.c:72:1: warning: function declaration isn't a prototype [-Wstrict-prototypes]
   72 | main ()
      | ^~~~
/usr/bin/ld: /tmp/ccVUKRKA.o: in function `main':
/home/michael/Codes/Libraries/nbi/conftest.c:74: undefined reference to `sgemm_'
collect2: error: ld returned 1 exit status
configure:18416: $? = 1
configure: failed program was:
| /* confdefs.h */
| #define PACKAGE_NAME "nbi"
| #define PACKAGE_TARNAME "nbi"
| #define PACKAGE_VERSION "0.1"
| #define PACKAGE_STRING "nbi 0.1"
| #define PACKAGE_BUGREPORT ""
| #define PACKAGE_URL ""
| #define PACKAGE "nbi"
| #define VERSION "0.1"
| #define NBI_MAJOR_VERSION 0
| #define NBI_MINOR_VERSION 1
| #define NBI_MICRO_VERSION 0
| #define NBI_INTERFACE_AGE 0
| #define NBI_BINARY_AGE 0
| #define STDC_HEADERS 1
| #define HAVE_SYS_TYPES_H 1
| #define HAVE_SYS_STAT_H 1
| #define HAVE_STDLIB_H 1
| #define HAVE_STRING_H 1
| #define HAVE_MEMORY_H 1
| #define HAVE_STRINGS_H 1
| #define HAVE_INTTYPES_H 1
| #define HAVE_STDINT_H 1
| #define HAVE_UNISTD_H 1
| #define HAVE_DLFCN_H 1
| #define LT_OBJDIR ".libs/"
| #define STDC_HEADERS 1
| #define HAVE_SQT 1
| #define HAVE_AGG 1
| #define HAVE_WBFMM 1
| #define HAVE_BLASWRAP 1
| #define HAVE_PETSC 1
| #define HAVE_AVX_INSTRUCTIONS 1
| #define HAVE_AVX2_INSTRUCTIONS 1
| #define HAVE_FMA_INSTRUCTIONS 1
| #define HAVE_LIBM 1
| #define F77_FUNC(name,NAME) name ## _
| #define F77_FUNC_(name,NAME) name ## _
| /* end confdefs.h.  */
| /* Define sgemm_ to an innocuous variant, in case <limits.h> declares sgemm_.
|    For example, HP-UX 11i <limits.h> declares gettimeofday.  */
| #define sgemm_ innocuous_sgemm_
| 
| /* System header to define __stub macros and hopefully few prototypes,
|     which can conflict with char sgemm_ (); below.
|     Prefer <limits.h> to <assert.h> if __STDC__ is defined, since
|     <limits.h> exists even on freestanding compilers.  */
| 
| #ifdef __STDC__
| # include <limits.h>
| #else
| # include <assert.h>
| #endif
| 
| #undef sgemm_
| 
| /* Override any GCC internal prototype to avoid an error.
|    Use char because int might match the return type of a GCC
|    builtin and then its argument prototype would still apply.  */
| #ifdef __cplusplus
| extern "C"
| #endif
| char sgemm_ ();
| /* The GNU C library defines this for functions which it implements
|     to always fail with ENOSYS.  Some functions are actually named
|     something starting with __ and the normal name is an alias.  */
| #if defined __stub_sgemm_ || defined __stub___sgemm_
| choke me
| #endif
| 
| int
| main ()
| {
| return sgemm_ ();
|   ;
|   return 0;
| }
configure:18416: result: no
configure:18426: checking for ATL_xerbla in -latlas
configure:18459: gcc -o conftest -ffloat-store -fexcess-precision=standard -g -Wall -Werror-implicit-function-declaration -Wstrict-prototypes -Wmissing-prototypes -Wmissing-declarations   conftest.c -latlas  -lm   -L/usr/lib64/gcc/x86_64-slackware-linux/11.2.0 -L/usr/lib64/gcc/x86_64-slackware-linux/11.2.0/../../../../lib64 -L/lib/../lib64 -L/usr/lib/../lib64 -L/usr/lib64/gcc/x86_64-slackware-linux/11.2.0/../../.. -lgfortran -lm -lquadmath >&5
conftest.c:47:1: warning: function declaration isn't a prototype [-Wstrict-prototypes]
   47 | char ATL_xerbla ();
      | ^~~~
conftest.c:57:1: warning: function declaration isn't a prototype [-Wstrict-prototypes]
   57 | main ()
      | ^~~~
/usr/bin/ld: cannot find -latlas
collect2: error: ld returned 1 exit status
configure:18459: $? = 1
configure: failed program was:
| /* confdefs.h */
| #define PACKAGE_NAME "nbi"
| #define PACKAGE_TARNAME "nbi"
| #define PACKAGE_VERSION "0.1"
| #define PACKAGE_STRING "nbi 0.1"
| #define PACKAGE_BUGREPORT ""
| #define PACKAGE_URL ""
| #define PACKAGE "nbi"
| #define VERSION "0.1"
| #define NBI_MAJOR_VERSION 0
| #define NBI_MINOR_VERSION 1
| #define NBI_MICRO_VERSION 0
| #define NBI_INTERFACE_AGE 0
| #define NBI_BINARY_AGE 0
| #define STDC_HEADERS 1
| #define HAVE_SYS_TYPES_H 1
| #define HAVE_SYS_STAT_H 1
| #define HAVE_STDLIB_H 1
| #define HAVE_STRING_H 1
| #define HAVE_MEMORY_H 1
| #define HAVE_STRINGS_H 1
| #define HAVE_INTTYPES_H 1
| #define HAVE_STDINT_H 1
| #define HAVE_UNISTD_H 1
| #define HAVE_DLFCN_H 1
| #define LT_OBJDIR ".libs/"
| #define STDC_HEADERS 1
| #define HAVE_SQT 1
| #define HAVE_AGG 1
| #define HAVE_WBFMM 1
| #define HAVE_BLASWRAP 1
| #define HAVE_PETSC 1
| #define HAVE_AVX_INSTRUCTIONS 1
| #define HAVE_AVX2_INSTRUCTIONS 1
| #define HAVE_FMA_INSTRUCTIONS 1
| #define HAVE_LIBM 1
| #define F77_FUNC(name,NAME) name ## _
| #define F77_FUNC_(name,NAME) name ## _
| /* end confdefs.h.  */
| 
| /* Override any GCC internal prototype to avoid an error.
|    Use char because int might match the return type of a GCC
|    builtin and then its argument prototype would still apply.  */
| #ifdef __cplusplus
| extern "C"
| #endif
| char ATL_xerbla ();
| #ifdef F77_DUMMY_MAIN
| 
| #  ifdef __cplusplus
|      extern "C"
| #  endif
|    int F77_DUMMY_MAIN() { return 1; }
| 
| #endif
| int
| main ()
| {
| return ATL_xerbla ();
|   ;
|   return 0;
| }
configure:18468: result: no
configure:18578: checking for sgemm_ in -Wl,-framework -Wl,vecLib
configure:18606: gcc -o conftest -ffloat-store -fexcess-precision=standard -g -Wall -Werror-implicit-function-declaration -Wstrict-prototypes -Wmissing-prototypes -Wmissing-declarations   conftest.c -Wl,-framework -Wl,vecLib -lm   -L/usr/lib64/gcc/x86_64-slackware-linux/11.2.0 -L/usr/lib64/gcc/x86_64-slackware-linux/11.2.0/../../../../lib64 -L/lib/../lib64 -L/usr/lib/../lib64 -L/usr/lib64/gcc/x86_64-slackware-linux/11.2.0/../../.. -lgfortran -lm -lquadmath >&5
conftest.c:47:1: warning: function declaration isn't a prototype [-Wstrict-prototypes]
   47 | char sgemm_ ();
      | ^~~~
conftest.c:57:1: warning: function declaration isn't a prototype [-Wstrict-prototypes]
   57 | main ()
      | ^~~~
/usr/bin/ld: -f may not be used without -shared
collect2: error: ld returned 1 exit status
configure:18606: $? = 1
configure: failed program was:
| /* confdefs.h */
| #define PACKAGE_NAME "nbi"
| #define PACKAGE_TARNAME "nbi"
| #define PACKAGE_VERSION "0.1"
| #define PACKAGE_STRING "nbi 0.1"
| #define PACKAGE_BUGREPORT ""
| #define PACKAGE_URL ""
| #define PACKAGE "nbi"
| #define VERSION "0.1"
| #define NBI_MAJOR_VERSION 0
| #define NBI_MINOR_VERSION 1
| #define NBI_MICRO_VERSION 0
| #define NBI_INTERFACE_AGE 0
| #define NBI_BINARY_AGE 0
| #define STDC_HEADERS 1
| #define HAVE_SYS_TYPES_H 1
| #define HAVE_SYS_STAT_H 1
| #define HAVE_STDLIB_H 1
| #define HAVE_STRING_H 1
| #define HAVE_MEMORY_H 1
| #define HAVE_STRINGS_H 1
| #define HAVE_INTTYPES_H 1
| #define HAVE_STDINT_H 1
| #define HAVE_UNISTD_H 1
| #define HAVE_DLFCN_H 1
| #define LT_OBJDIR ".libs/"
| #define STDC_HEADERS 1
| #define HAVE_SQT 1
| #define HAVE_AGG 1
| #define HAVE_WBFMM 1
| #define HAVE_BLASWRAP 1
| #define HAVE_PETSC 1
| #define HAVE_AVX_INSTRUCTIONS 1
| #define HAVE_AVX2_INSTRUCTIONS 1
| #define HAVE_FMA_INSTRUCTIONS 1
| #define HAVE_LIBM 1
| #define F77_FUNC(name,NAME) name ## _
| #define F77_FUNC_(name,NAME) name ## _
| /* end confdefs.h.  */
| 
| /* Override any GCC internal prototype to avoid an error.
|    Use char because int might match the return type of a GCC
|    builtin and then its argument prototype would still apply.  */
| #ifdef __cplusplus
| extern "C"
| #endif
| char sgemm_ ();
| #ifdef F77_DUMMY_MAIN
| 
| #  ifdef __cplusplus
|      extern "C"
| #  endif
|    int F77_DUMMY_MAIN() { return 1; }
| 
| #endif
| int
| main ()
| {
| return sgemm_ ();
|   ;
|   return 0;
| }
configure:18613: result: no
configure:18621: checking for sgemm_ in -lblas
configure:18654: gcc -o conftest -ffloat-store -fexcess-precision=standard -g -Wall -Werror-implicit-function-declaration -Wstrict-prototypes -Wmissing-prototypes -Wmissing-declarations   conftest.c -lblas  -lm   -L/usr/lib64/gcc/x86_64-slackware-linux/11.2.0 -L/usr/lib64/gcc/x86_64-slackware-linux/11.2.0/../../../../lib64 -L/lib/../lib64 -L/usr/lib/../lib64 -L/usr/lib64/gcc/x86_64-slackware-linux/11.2.0/../../.. -lgfortran -lm -lquadmath >&5
conftest.c:47:1: warning: function declaration isn't a prototype [-Wstrict-prototypes]
   47 | char sgemm_ ();
      | ^~~~
conftest.c:57:1: warning: function declaration isn't a prototype [-Wstrict-prototypes]
   57 | main ()
      | ^~~~
configure:18654: $? = 0
configure:18664: result: yes
configure:18668: checking for dgemm_ in -ldgemm
configure:18701: gcc -o conftest -ffloat-store -fexcess-precision=standard -g -Wall -Werror-implicit-function-declaration -Wstrict-prototypes -Wmissing-prototypes -Wmissing-declarations   conftest.c -ldgemm -lblas -lm   -L/usr/lib64/gcc/x86_64-slackware-linux/11.2.0 -L/usr/lib64/gcc/x86_64-slackware-linux/11.2.0/../../../../lib64 -L/lib/../lib64 -L/usr/lib/../lib64 -L/usr/lib64/gcc/x86_64-slackware-linux/11.2.0/../../.. -lgfortran -lm -lquadmath >&5
conftest.c:47:1: warning: function declaration isn't a prototype [-Wstrict-prototypes]
   47 | char dgemm_ ();
      | ^~~~
conftest.c:57:1: warning: function declaration isn't a prototype [-Wstrict-prototypes]
   57 | main ()
      | ^~~~
/usr/bin/ld: cannot find -ldgemm
collect2: error: ld returned 1 exit status
configure:18701: $? = 1
configure: failed program was:
| /* confdefs.h */
| #define PACKAGE_NAME "nbi"
| #define PACKAGE_TARNAME "nbi"
| #define PACKAGE_VERSION "0.1"
| #define PACKAGE_STRING "nbi 0.1"
| #define PACKAGE_BUGREPORT ""
| #define PACKAGE_URL ""
| #define PACKAGE "nbi"
| #define VERSION "0.1"
| #define NBI_MAJOR_VERSION 0
| #define NBI_MINOR_VERSION 1
| #define NBI_MICRO_VERSION 0
| #define NBI_INTERFACE_AGE 0
| #define NBI_BINARY_AGE 0
| #define STDC_HEADERS 1
| #define HAVE_SYS_TYPES_H 1
| #define HAVE_SYS_STAT_H 1
| #define HAVE_STDLIB_H 1
| #define HAVE_STRING_H 1
| #define HAVE_MEMORY_H 1
| #define HAVE_STRINGS_H 1
| #define HAVE_INTTYPES_H 1
| #define HAVE_STDINT_H 1
| #define HAVE_UNISTD_H 1
| #define HAVE_DLFCN_H 1
| #define LT_OBJDIR ".libs/"
| #define STDC_HEADERS 1
| #define HAVE_SQT 1
| #define HAVE_AGG 1
| #define HAVE_WBFMM 1
| #define HAVE_BLASWRAP 1
| #define HAVE_PETSC 1
| #define HAVE_AVX_INSTRUCTIONS 1
| #define HAVE_AVX2_INSTRUCTIONS 1
| #define HAVE_FMA_INSTRUCTIONS 1
| #define HAVE_LIBM 1
| #define F77_FUNC(name,NAME) name ## _
| #define F77_FUNC_(name,NAME) name ## _
| /* end confdefs.h.  */
| 
| /* Override any GCC internal prototype to avoid an error.
|    Use char because int might match the return type of a GCC
|    builtin and then its argument prototype would still apply.  */
| #ifdef __cplusplus
| extern "C"
| #endif
| char dgemm_ ();
| #ifdef F77_DUMMY_MAIN
| 
| #  ifdef __cplusplus
|      extern "C"
| #  endif
|    int F77_DUMMY_MAIN() { return 1; }
| 
| #endif
| int
| main ()
| {
| return dgemm_ ();
|   ;
|   return 0;
| }
configure:18711: result: no
configure:18773: checking for sgemm_ in -lcxml
configure:18806: gcc -o conftest -ffloat-store -fexcess-precision=standard -g -Wall -Werror-implicit-function-declaration -Wstrict-prototypes -Wmissing-prototypes -Wmissing-declarations   conftest.c -lcxml  -lm   -L/usr/lib64/gcc/x86_64-slackware-linux/11.2.0 -L/usr/lib64/gcc/x86_64-slackware-linux/11.2.0/../../../../lib64 -L/lib/../lib64 -L/usr/lib/../lib64 -L/usr/lib64/gcc/x86_64-slackware-linux/11.2.0/../../.. -lgfortran -lm -lquadmath >&5
conftest.c:47:1: warning: function declaration isn't a prototype [-Wstrict-prototypes]
   47 | char sgemm_ ();
      | ^~~~
conftest.c:57:1: warning: function declaration isn't a prototype [-Wstrict-prototypes]
   57 | main ()
      | ^~~~
/usr/bin/ld: cannot find -lcxml
collect2: error: ld returned 1 exit status
configure:18806: $? = 1
configure: failed program was:
| /* confdefs.h */
| #define PACKAGE_NAME "nbi"
| #define PACKAGE_TARNAME "nbi"
| #define PACKAGE_VERSION "0.1"
| #define PACKAGE_STRING "nbi 0.1"
| #define PACKAGE_BUGREPORT ""
| #define PACKAGE_URL ""
| #define PACKAGE "nbi"
| #define VERSION "0.1"
| #define NBI_MAJOR_VERSION 0
| #define NBI_MINOR_VERSION 1
| #define NBI_MICRO_VERSION 0
| #define NBI_INTERFACE_AGE 0
| #define NBI_BINARY_AGE 0
| #define STDC_HEADERS 1
| #define HAVE_SYS_TYPES_H 1
| #define HAVE_SYS_STAT_H 1
| #define HAVE_STDLIB_H 1
| #define HAVE_STRING_H 1
| #define HAVE_MEMORY_H 1
| #define HAVE_STRINGS_H 1
| #define HAVE_INTTYPES_H 1
| #define HAVE_STDINT_H 1
| #define HAVE_UNISTD_H 1
| #define HAVE_DLFCN_H 1
| #define LT_OBJDIR ".libs/"
| #define STDC_HEADERS 1
| #define HAVE_SQT 1
| #define HAVE_AGG 1
| #define HAVE_WBFMM 1
| #define HAVE_BLASWRAP 1
| #define HAVE_PETSC 1
| #define HAVE_AVX_INSTRUCTIONS 1
| #define HAVE_AVX2_INSTRUCTIONS 1
| #define HAVE_FMA_INSTRUCTIONS 1
| #define HAVE_LIBM 1
| #define F77_FUNC(name,NAME) name ## _
| #define F77_FUNC_(name,NAME) name ## _
| /* end confdefs.h.  */
| 
| /* Override any GCC internal prototype to avoid an error.
|    Use char because int might match the return type of a GCC
|    builtin and then its argument prototype would still apply.  */
| #ifdef __cplusplus
| extern "C"
| #endif
| char sgemm_ ();
| #ifdef F77_DUMMY_MAIN
| 
| #  ifdef __cplusplus
|      extern "C"
| #  endif
|    int F77_DUMMY_MAIN() { return 1; }
| 
| #endif
| int
| main ()
| {
| return sgemm_ ();
|   ;
|   return 0;
| }
configure:18816: result: no
configure:18827: checking for sgemm_ in -ldxml
configure:18860: gcc -o conftest -ffloat-store -fexcess-precision=standard -g -Wall -Werror-implicit-function-declaration -Wstrict-prototypes -Wmissing-prototypes -Wmissing-declarations   conftest.c -ldxml  -lm   -L/usr/lib64/gcc/x86_64-slackware-linux/11.2.0 -L/usr/lib64/gcc/x86_64-slackware-linux/11.2.0/../../../../lib64 -L/lib/../lib64 -L/usr/lib/../lib64 -L/usr/lib64/gcc/x86_64-slackware-linux/11.2.0/../../.. -lgfortran -lm -lquadmath >&5
conftest.c:47:1: warning: function declaration isn't a prototype [-Wstrict-prototypes]
   47 | char sgemm_ ();
      | ^~~~
conftest.c:57:1: warning: function declaration isn't a prototype [-Wstrict-prototypes]
   57 | main ()
      | ^~~~
/usr/bin/ld: cannot find -ldxml
collect2: error: ld returned 1 exit status
configure:18860: $? = 1
configure: failed program was:
| /* confdefs.h */
| #define PACKAGE_NAME "nbi"
| #define PACKAGE_TARNAME "nbi"
| #define PACKAGE_VERSION "0.1"
| #define PACKAGE_STRING "nbi 0.1"
| #define PACKAGE_BUGREPORT ""
| #define PACKAGE_URL ""
| #define PACKAGE "nbi"
| #define VERSION "0.1"
| #define NBI_MAJOR_VERSION 0
| #define NBI_MINOR_VERSION 1
| #define NBI_MICRO_VERSION 0
| #define NBI_INTERFACE_AGE 0
| #define NBI_BINARY_AGE 0
| #define STDC_HEADERS 1
| #define HAVE_SYS_TYPES_H 1
| #define HAVE_SYS_STAT_H 1
| #define HAVE_STDLIB_H 1
| #define HAVE_STRING_H 1
| #define HAVE_MEMORY_H 1
| #define HAVE_STRINGS_H 1
| #define HAVE_INTTYPES_H 1
| #define HAVE_STDINT_H 1
| #define HAVE_UNISTD_H 1
| #define HAVE_DLFCN_H 1
| #define LT_OBJDIR ".libs/"
| #define STDC_HEADERS 1
| #define HAVE_SQT 1
| #define HAVE_AGG 1
| #define HAVE_WBFMM 1
| #define HAVE_BLASWRAP 1
| #define HAVE_PETSC 1
| #define HAVE_AVX_INSTRUCTIONS 1
| #define HAVE_AVX2_INSTRUCTIONS 1
| #define HAVE_FMA_INSTRUCTIONS 1
| #define HAVE_LIBM 1
| #define F77_FUNC(name,NAME) name ## _
| #define F77_FUNC_(name,NAME) name ## _
| /* end confdefs.h.  */
| 
| /* Override any GCC internal prototype to avoid an error.
|    Use char because int might match the return type of a GCC
|    builtin and then its argument prototype would still apply.  */
| #ifdef __cplusplus
| extern "C"
| #endif
| char sgemm_ ();
| #ifdef F77_DUMMY_MAIN
| 
| #  ifdef __cplusplus
|      extern "C"
| #  endif
|    int F77_DUMMY_MAIN() { return 1; }
| 
| #endif
| int
| main ()
| {
| return sgemm_ ();
|   ;
|   return 0;
| }
configure:18870: result: no
configure:18985: checking for sgemm_ in -lscs
configure:19018: gcc -o conftest -ffloat-store -fexcess-precision=standard -g -Wall -Werror-implicit-function-declaration -Wstrict-prototypes -Wmissing-prototypes -Wmissing-declarations   conftest.c -lscs  -lm   -L/usr/lib64/gcc/x86_64-slackware-linux/11.2.0 -L/usr/lib64/gcc/x86_64-slackware-linux/11.2.0/../../../../lib64 -L/lib/../lib64 -L/usr/lib/../lib64 -L/usr/lib64/gcc/x86_64-slackware-linux/11.2.0/../../.. -lgfortran -lm -lquadmath >&5
conftest.c:47:1: warning: function declaration isn't a prototype [-Wstrict-prototypes]
   47 | char sgemm_ ();
      | ^~~~
conftest.c:57:1: warning: function declaration isn't a prototype [-Wstrict-prototypes]
   57 | main ()
      | ^~~~
/usr/bin/ld: cannot find -lscs
collect2: error: ld returned 1 exit status
configure:19018: $? = 1
configure: failed program was:
| /* confdefs.h */
| #define PACKAGE_NAME "nbi"
| #define PACKAGE_TARNAME "nbi"
| #define PACKAGE_VERSION "0.1"
| #define PACKAGE_STRING "nbi 0.1"
| #define PACKAGE_BUGREPORT ""
| #define PACKAGE_URL ""
| #define PACKAGE "nbi"
| #define VERSION "0.1"
| #define NBI_MAJOR_VERSION 0
| #define NBI_MINOR_VERSION 1
| #define NBI_MICRO_VERSION 0
| #define NBI_INTERFACE_AGE 0
| #define NBI_BINARY_AGE 0
| #define STDC_HEADERS 1
| #define HAVE_SYS_TYPES_H 1
| #define HAVE_SYS_STAT_H 1
| #define HAVE_STDLIB_H 1
| #define HAVE_STRING_H 1
| #define HAVE_MEMORY_H 1
| #define HAVE_STRINGS_H 1
| #define HAVE_INTTYPES_H 1
| #define HAVE_STDINT_H 1
| #define HAVE_UNISTD_H 1
| #define HAVE_DLFCN_H 1
| #define LT_OBJDIR ".libs/"
| #define STDC_HEADERS 1
| #define HAVE_SQT 1
| #define HAVE_AGG 1
| #define HAVE_WBFMM 1
| #define HAVE_BLASWRAP 1
| #define HAVE_PETSC 1
| #define HAVE_AVX_INSTRUCTIONS 1
| #define HAVE_AVX2_INSTRUCTIONS 1
| #define HAVE_FMA_INSTRUCTIONS 1
| #define HAVE_LIBM 1
| #define F77_FUNC(name,NAME) name ## _
| #define F77_FUNC_(name,NAME) name ## _
| /* end confdefs.h.  */
| 
| /* Override any GCC internal prototype to avoid an error.
|    Use char because int might match the return type of a GCC
|    builtin and then its argument prototype would still apply.  */
| #ifdef __cplusplus
| extern "C"
| #endif
| char sgemm_ ();
| #ifdef F77_DUMMY_MAIN
| 
| #  ifdef __cplusplus
|      extern "C"
| #  endif
|    int F77_DUMMY_MAIN() { return 1; }
| 
| #endif
| int
| main ()
| {
| return sgemm_ ();
|   ;
|   return 0;
| }
configure:19028: result: no
configure:19039: checking for sgemm_ in -lcomplib.sgimath
configure:19072: gcc -o conftest -ffloat-store -fexcess-precision=standard -g -Wall -Werror-implicit-function-declaration -Wstrict-prototypes -Wmissing-prototypes -Wmissing-declarations   conftest.c -lcomplib.sgimath  -lm   -L/usr/lib64/gcc/x86_64-slackware-linux/11.2.0 -L/usr/lib64/gcc/x86_64-slackware-linux/11.2.0/../../../../lib64 -L/lib/../lib64 -L/usr/lib/../lib64 -L/usr/lib64/gcc/x86_64-slackware-linux/11.2.0/../../.. -lgfortran -lm -lquadmath >&5
conftest.c:47:1: warning: function declaration isn't a prototype [-Wstrict-prototypes]
   47 | char sgemm_ ();
      | ^~~~
conftest.c:57:1: warning: function declaration isn't a prototype [-Wstrict-prototypes]
   57 | main ()
      | ^~~~
/usr/bin/ld: cannot find -lcomplib.sgimath
collect2: error: ld returned 1 exit status
configure:19072: $? = 1
configure: failed program was:
| /* confdefs.h */
| #define PACKAGE_NAME "nbi"
| #define PACKAGE_TARNAME "nbi"
| #define PACKAGE_VERSION "0.1"
| #define PACKAGE_STRING "nbi 0.1"
| #define PACKAGE_BUGREPORT ""
| #define PACKAGE_URL ""
| #define PACKAGE "nbi"
| #define VERSION "0.1"
| #define NBI_MAJOR_VERSION 0
| #define NBI_MINOR_VERSION 1
| #define NBI_MICRO_VERSION 0
| #define NBI_INTERFACE_AGE 0
| #define NBI_BINARY_AGE 0
| #define STDC_HEADERS 1
| #define HAVE_SYS_TYPES_H 1
| #define HAVE_SYS_STAT_H 1
| #define HAVE_STDLIB_H 1
| #define HAVE_STRING_H 1
| #define HAVE_MEMORY_H 1
| #define HAVE_STRINGS_H 1
| #define HAVE_INTTYPES_H 1
| #define HAVE_STDINT_H 1
| #define HAVE_UNISTD_H 1
| #define HAVE_DLFCN_H 1
| #define LT_OBJDIR ".libs/"
| #define STDC_HEADERS 1
| #define HAVE_SQT 1
| #define HAVE_AGG 1
| #define HAVE_WBFMM 1
| #define HAVE_BLASWRAP 1
| #define HAVE_PETSC 1
| #define HAVE_AVX_INSTRUCTIONS 1
| #define HAVE_AVX2_INSTRUCTIONS 1
| #define HAVE_FMA_INSTRUCTIONS 1
| #define HAVE_LIBM 1
| #define F77_FUNC(name,NAME) name ## _
| #define F77_FUNC_(name,NAME) name ## _
| /* end confdefs.h.  */
| 
| /* Override any GCC internal prototype to avoid an error.
|    Use char because int might match the return type of a GCC
|    builtin and then its argument prototype would still apply.  */
| #ifdef __cplusplus
| extern "C"
| #endif
| char sgemm_ ();
| #ifdef F77_DUMMY_MAIN
| 
| #  ifdef __cplusplus
|      extern "C"
| #  endif
|    int F77_DUMMY_MAIN() { return 1; }
| 
| #endif
| int
| main ()
| {
| return sgemm_ ();
|   ;
|   return 0;
| }
configure:19082: result: no
configure:19093: checking for sgemm_ in -lblas
configure:19136: result: yes
configure:19140: checking for sgemm_ in -lessl
configure:19173: gcc -o conftest -ffloat-store -fexcess-precision=standard -g -Wall -Werror-implicit-function-declaration -Wstrict-prototypes -Wmissing-prototypes -Wmissing-declarations   conftest.c -lessl -lblas  -L/usr/lib64/gcc/x86_64-slackware-linux/11.2.0 -L/usr/lib64/gcc/x86_64-slackware-linux/11.2.0/../../../../lib64 -L/lib/../lib64 -L/usr/lib/../lib64 -L/usr/lib64/gcc/x86_64-slackware-linux/11.2.0/../../.. -lgfortran -lm -lquadmath -lm   -L/usr/lib64/gcc/x86_64-slackware-linux/11.2.0 -L/usr/lib64/gcc/x86_64-slackware-linux/11.2.0/../../../../lib64 -L/lib/../lib64 -L/usr/lib/../lib64 -L/usr/lib64/gcc/x86_64-slackware-linux/11.2.0/../../.. -lgfortran -lm -lquadmath >&5
conftest.c:47:1: warning: function declaration isn't a prototype [-Wstrict-prototypes]
   47 | char sgemm_ ();
      | ^~~~
conftest.c:57:1: warning: function declaration isn't a prototype [-Wstrict-prototypes]
   57 | main ()
      | ^~~~
/usr/bin/ld: cannot find -lessl
collect2: error: ld returned 1 exit status
configure:19173: $? = 1
configure: failed program was:
| /* confdefs.h */
| #define PACKAGE_NAME "nbi"
| #define PACKAGE_TARNAME "nbi"
| #define PACKAGE_VERSION "0.1"
| #define PACKAGE_STRING "nbi 0.1"
| #define PACKAGE_BUGREPORT ""
| #define PACKAGE_URL ""
| #define PACKAGE "nbi"
| #define VERSION "0.1"
| #define NBI_MAJOR_VERSION 0
| #define NBI_MINOR_VERSION 1
| #define NBI_MICRO_VERSION 0
| #define NBI_INTERFACE_AGE 0
| #define NBI_BINARY_AGE 0
| #define STDC_HEADERS 1
| #define HAVE_SYS_TYPES_H 1
| #define HAVE_SYS_STAT_H 1
| #define HAVE_STDLIB_H 1
| #define HAVE_STRING_H 1
| #define HAVE_MEMORY_H 1
| #define HAVE_STRINGS_H 1
| #define HAVE_INTTYPES_H 1
| #define HAVE_STDINT_H 1
| #define HAVE_UNISTD_H 1
| #define HAVE_DLFCN_H 1
| #define LT_OBJDIR ".libs/"
| #define STDC_HEADERS 1
| #define HAVE_SQT 1
| #define HAVE_AGG 1
| #define HAVE_WBFMM 1
| #define HAVE_BLASWRAP 1
| #define HAVE_PETSC 1
| #define HAVE_AVX_INSTRUCTIONS 1
| #define HAVE_AVX2_INSTRUCTIONS 1
| #define HAVE_FMA_INSTRUCTIONS 1
| #define HAVE_LIBM 1
| #define F77_FUNC(name,NAME) name ## _
| #define F77_FUNC_(name,NAME) name ## _
| /* end confdefs.h.  */
| 
| /* Override any GCC internal prototype to avoid an error.
|    Use char because int might match the return type of a GCC
|    builtin and then its argument prototype would still apply.  */
| #ifdef __cplusplus
| extern "C"
| #endif
| char sgemm_ ();
| #ifdef F77_DUMMY_MAIN
| 
| #  ifdef __cplusplus
|      extern "C"
| #  endif
|    int F77_DUMMY_MAIN() { return 1; }
| 
| #endif
| int
| main ()
| {
| return sgemm_ ();
|   ;
|   return 0;
| }
configure:19183: result: no
configure:19196: checking for sgemm_ in -lblas
configure:19239: result: yes
configure:19364: checking for cheev_
configure:19364: gcc -o conftest -ffloat-store -fexcess-precision=standard -g -Wall -Werror-implicit-function-declaration -Wstrict-prototypes -Wmissing-prototypes -Wmissing-declarations   conftest.c -lm  -lblas  -L/usr/lib64/gcc/x86_64-slackware-linux/11.2.0 -L/usr/lib64/gcc/x86_64-slackware-linux/11.2.0/../../../../lib64 -L/lib/../lib64 -L/usr/lib/../lib64 -L/usr/lib64/gcc/x86_64-slackware-linux/11.2.0/../../.. -lgfortran -lm -lquadmath >&5
conftest.c:64:1: warning: function declaration isn't a prototype [-Wstrict-prototypes]
   64 | char cheev_ ();
      | ^~~~
conftest.c:73:1: warning: function declaration isn't a prototype [-Wstrict-prototypes]
   73 | main ()
      | ^~~~
configure:19364: $? = 0
configure:19364: result: yes
configure:19588: checking that generated files are newer than configure
configure:19594: result: done
configure:19625: creating ./config.status

## ---------------------- ##
## Running config.status. ##
## ---------------------- ##

This file was extended by nbi config.status 0.1, which was
generated by GNU Autoconf 2.69.  Invocation command line was

  CONFIG_FILES    = 
  CONFIG_HEADERS  = 
  CONFIG_LINKS    = 
  CONFIG_COMMANDS = 
  $ ./config.status 

on michael.paraffinalia.co.uk

config.status:1198: creating Makefile
config.status:1198: creating src/Makefile
config.status:1198: creating src/nbi-config
config.status:1198: creating tools/Makefile
config.status:1198: creating config.h
config.status:1379: config.h is unchanged
config.status:1427: executing depfiles commands
config.status:1504: cd src       && sed -e '/# am--include-marker/d' Makefile         | make -f - am--depfiles
make: Nothing to be done for 'am--depfiles'.
config.status:1509: $? = 0
config.status:1504: cd tools       && sed -e '/# am--include-marker/d' Makefile         | make -f - am--depfiles
make: Nothing to be done for 'am--depfiles'.
config.status:1509: $? = 0
config.status:1427: executing libtool commands

## ---------------- ##
## Cache variables. ##
## ---------------- ##

ac_cv_build=x86_64-unknown-linux-gnu
ac_cv_c_compiler_gnu=yes
ac_cv_env_CC_set=
ac_cv_env_CC_value=
ac_cv_env_CFLAGS_set=set
ac_cv_env_CFLAGS_value='-ffloat-store -fexcess-precision=standard -g'
ac_cv_env_CPPFLAGS_set=
ac_cv_env_CPPFLAGS_value=
ac_cv_env_CPP_set=
ac_cv_env_CPP_value=
ac_cv_env_F77_set=
ac_cv_env_F77_value=
ac_cv_env_FFLAGS_set=
ac_cv_env_FFLAGS_value=
ac_cv_env_GLIB_CFLAGS_set=
ac_cv_env_GLIB_CFLAGS_value=
ac_cv_env_GLIB_COMPILE_RESOURCES_set=
ac_cv_env_GLIB_COMPILE_RESOURCES_value=
ac_cv_env_GLIB_GENMARSHAL_set=
ac_cv_env_GLIB_GENMARSHAL_value=
ac_cv_env_GLIB_LIBS_set=
ac_cv_env_GLIB_LIBS_value=
ac_cv_env_GLIB_MKENUMS_set=
ac_cv_env_GLIB_MKENUMS_value=
ac_cv_env_GOBJECT_QUERY_set=
ac_cv_env_GOBJECT_QUERY_value=
ac_cv_env_LDFLAGS_set=
ac_cv_env_LDFLAGS_value=
ac_cv_env_LIBS_set=
ac_cv_env_LIBS_value=
ac_cv_env_LT_SYS_LIBRARY_PATH_set=
ac_cv_env_LT_SYS_LIBRARY_PATH_value=
ac_cv_env_PKG_CONFIG_LIBDIR_set=
ac_cv_env_PKG_CONFIG_LIBDIR_value=
ac_cv_env_PKG_CONFIG_PATH_set=set
ac_cv_env_PKG_CONFIG_PATH_value=/home/michael/Codes/lib/pkgconfig:/home/michael/Codes/lib/pkgconfig:/usr/local/lib64/pkgconfig:/usr/local/share/pkgconfig:/usr/lib64/pkgconfig:/usr/share/pkgconfig:/usr/local/lib64/pkgconfig:/usr/local/share/pkgconfig
ac_cv_env_PKG_CONFIG_set=
ac_cv_env_PKG_CONFIG_value=
ac_cv_env_build_alias_set=
ac_cv_env_build_alias_value=
ac_cv_env_host_alias_set=
ac_cv_env_host_alias_value=
ac_cv_env_target_alias_set=
ac_cv_env_target_alias_value=
ac_cv_f77_compiler_gnu=yes
ac_cv_f77_dummy_main=none
ac_cv_f77_libs=' -L/usr/lib64/gcc/x86_64-slackware-linux/11.2.0 -L/usr/lib64/gcc/x86_64-slackware-linux/11.2.0/../../../../lib64 -L/lib/../lib64 -L/usr/lib/../lib64 -L/usr/lib64/gcc/x86_64-slackware-linux/11.2.0/../../.. -lgfortran -lm -lquadmath'
ac_cv_f77_mangling='lower case, underscore, no extra underscore'
ac_cv_fortran_dummy_main=none
ac_cv_func_cheev_=yes
ac_cv_func_sgemm_=no
ac_cv_header_dlfcn_h=yes
ac_cv_header_inttypes_h=yes
ac_cv_header_memory_h=yes
ac_cv_header_stdc=yes
ac_cv_header_stdint_h=yes
ac_cv_header_stdlib_h=yes
ac_cv_header_string_h=yes
ac_cv_header_strings_h=yes
ac_cv_header_sys_stat_h=yes
ac_cv_header_sys_types_h=yes
ac_cv_header_unistd_h=yes
ac_cv_host=x86_64-unknown-linux-gnu
ac_cv_lib_atlas_ATL_xerbla=no
ac_cv_lib_blas_sgemm_=yes
ac_cv_lib_complib_sgimath_sgemm_=no
ac_cv_lib_cxml_sgemm_=no
ac_cv_lib_dgemm_dgemm_=no
ac_cv_lib_dxml_sgemm_=no
ac_cv_lib_essl_sgemm_=no
ac_cv_lib_m_cos=yes
ac_cv_lib_scs_sgemm_=no
ac_cv_objext=o
ac_cv_path_EGREP='/usr/bin/grep -E'
ac_cv_path_FGREP='/usr/bin/grep -F'
ac_cv_path_GREP=/usr/bin/grep
ac_cv_path_SED=/usr/bin/sed
ac_cv_path_ac_pt_PKG_CONFIG=/usr/bin/pkg-config
ac_cv_path_install='/usr/bin/ginstall -c'
ac_cv_path_lt_DD=/usr/bin/dd
ac_cv_path_mkdir=/usr/bin/mkdir
ac_cv_prog_AGG=yes
ac_cv_prog_AWK=gawk
ac_cv_prog_BLASWRAP=yes
ac_cv_prog_CPP='gcc -E'
ac_cv_prog_SQT=yes
ac_cv_prog_WBFMM=yes
ac_cv_prog_ac_ct_AR=ar
ac_cv_prog_ac_ct_CC=gcc
ac_cv_prog_ac_ct_DLLTOOL=dlltool
ac_cv_prog_ac_ct_F77=g77
ac_cv_prog_ac_ct_MANIFEST_TOOL=mt
ac_cv_prog_ac_ct_OBJDUMP=objdump
ac_cv_prog_ac_ct_RANLIB=ranlib
ac_cv_prog_ac_ct_STRIP=strip
ac_cv_prog_c_openmp=-fopenmp
ac_cv_prog_cc_c89=
ac_cv_prog_cc_g=yes
ac_cv_prog_f77_g=yes
ac_cv_prog_f77_v=-v
ac_cv_prog_make_make_set=yes
ac_cv_search_strerror='none required'
am_cv_CC_dependencies_compiler_type=gcc3
am_cv_make_support_nested_variables=yes
am_cv_prog_cc_c_o=yes
ax_cv_gcc_check_x86_cpu_init=yes
ax_cv_gcc_x86_cpu_supports_avx2=yes
ax_cv_gcc_x86_cpu_supports_avx=yes
ax_cv_gcc_x86_cpu_supports_fma=yes
lt_cv_ar_at_file=@
lt_cv_archive_cmds_need_lc=no
lt_cv_deplibs_check_method=pass_all
lt_cv_file_magic_cmd='$MAGIC_CMD'
lt_cv_file_magic_test_file=
lt_cv_ld_reload_flag=-r
lt_cv_nm_interface='BSD nm'
lt_cv_objdir=.libs
lt_cv_path_LD=/usr/bin/ld
lt_cv_path_NM='/usr/bin/nm -B'
lt_cv_path_mainfest_tool=no
lt_cv_prog_compiler_c_o=yes
lt_cv_prog_compiler_c_o_F77=yes
lt_cv_prog_compiler_pic='-fPIC -DPIC'
lt_cv_prog_compiler_pic_F77=-fPIC
lt_cv_prog_compiler_pic_works=yes
lt_cv_prog_compiler_pic_works_F77=yes
lt_cv_prog_compiler_rtti_exceptions=no
lt_cv_prog_compiler_static_works=yes
lt_cv_prog_compiler_static_works_F77=yes
lt_cv_prog_gnu_ld=yes
lt_cv_sharedlib_from_linklib_cmd='printf %s\n'
lt_cv_shlibpath_overrides_runpath=no
lt_cv_sys_global_symbol_pipe='sed -n -e '\''s/^.*[	 ]\([ABCDGIRSTW][ABCDGIRSTW]*\)[	 ][	 ]*\([_A-Za-z][_A-Za-z0-9]*\)$/\1 \2 \2/p'\'' | sed '\''/ __gnu_lto/d'\'''
lt_cv_sys_global_symbol_to_c_name_address='sed -n -e '\''s/^: \(.*\) .*$/  {"\1", (void *) 0},/p'\'' -e '\''s/^[ABCDGIRSTW][ABCDGIRSTW]* .* \(.*\)$/  {"\1", (void *) \&\1},/p'\'''
lt_cv_sys_global_symbol_to_c_name_address_lib_prefix='sed -n -e '\''s/^: \(.*\) .*$/  {"\1", (void *) 0},/p'\'' -e '\''s/^[ABCDGIRSTW][ABCDGIRSTW]* .* \(lib.*\)$/  {"\1", (void *) \&\1},/p'\'' -e '\''s/^[ABCDGIRSTW][ABCDGIRSTW]* .* \(.*\)$/  {"lib\1", (void *) \&\1},/p'\'''
lt_cv_sys_global_symbol_to_cdecl='sed -n -e '\''s/^T .* \(.*\)$/extern int \1();/p'\'' -e '\''s/^[ABCDGIRSTW][ABCDGIRSTW]* .* \(.*\)$/extern char \1;/p'\'''
lt_cv_sys_global_symbol_to_import=
lt_cv_sys_max_cmd_len=1572864
lt_cv_to_host_file_cmd=func_convert_file_noop
lt_cv_to_tool_file_cmd=func_convert_file_noop
lt_cv_truncate_bin='/usr/bin/dd bs=4096 count=1'
pkg_cv_GLIB_CFLAGS='-pthread -I/usr/include/glib-2.0 -I/usr/lib64/glib-2.0/include'
pkg_cv_GLIB_COMPILE_RESOURCES=/usr/bin/glib-compile-resources
pkg_cv_GLIB_GENMARSHAL=/usr/bin/glib-genmarshal
pkg_cv_GLIB_LIBS='-lgthread-2.0 -pthread -Wl,--export-dynamic -lgmodule-2.0 -pthread -lglib-2.0'
pkg_cv_GLIB_MKENUMS=/usr/bin/glib-mkenums
pkg_cv_GOBJECT_QUERY=/usr/bin/gobject-query

## ----------------- ##
## Output variables. ##
## ----------------- ##

ACLOCAL='${SHELL} /home/michael/Codes/Libraries/nbi/missing aclocal-1.16'
AGG='yes'
AMDEPBACKSLASH='\'
AMDEP_FALSE='#'
AMDEP_TRUE=''
AMTAR='$${TAR-tar}'
AM_BACKSLASH='\'
AM_DEFAULT_V='$(AM_DEFAULT_VERBOSITY)'
AM_DEFAULT_VERBOSITY='1'
AM_V='$(V)'
AR='ar'
AUTOCONF='${SHELL} /home/michael/Codes/Libraries/nbi/missing autoconf'
AUTOHEADER='${SHELL} /home/michael/Codes/Libraries/nbi/missing autoheader'
AUTOMAKE='${SHELL} /home/michael/Codes/Libraries/nbi/missing automake-1.16'
AWK='gawk'
BLASWRAP='yes'
BLAS_LIBS='-lblas'
CC='gcc'
CCDEPMODE='depmode=gcc3'
CFLAGS='-ffloat-store -fexcess-precision=standard -g -Wall -Werror-implicit-function-declaration -Wstrict-prototypes -Wmissing-prototypes -Wmissing-declarations -fopenmp  -mavx -DWBFMM_USE_AVX -mfma -DWBFMM_USE_AVX'
CPP='gcc -E'
CPPFLAGS='-I/usr/include/glib-2.0 -I/usr/lib64/glib-2.0/include -fopenmp -I/home/michael/Codes/include -I/home/michael/Codes/include -I/home/michael/Codes/include -I/home/michael/Codes/include -I/home/michael/Codes/include -I/home/michael/Codes/include'
CYGPATH_W='echo'
DEFS='-DHAVE_CONFIG_H'
DEPDIR='.deps'
DLLTOOL='dlltool'
DSYMUTIL=''
DUMPBIN=''
ECHO_C=''
ECHO_N='-n'
ECHO_T=''
EGREP='/usr/bin/grep -E'
EXEEXT=''
F77='g77'
FFLAGS='-g -O2'
FGREP='/usr/bin/grep -F'
FLIBS=' -L/usr/lib64/gcc/x86_64-slackware-linux/11.2.0 -L/usr/lib64/gcc/x86_64-slackware-linux/11.2.0/../../../../lib64 -L/lib/../lib64 -L/usr/lib/../lib64 -L/usr/lib64/gcc/x86_64-slackware-linux/11.2.0/../../.. -lgfortran -lm -lquadmath'
GLIB_CFLAGS='-pthread -I/usr/include/glib-2.0 -I/usr/lib64/glib-2.0/include'
GLIB_COMPILE_RESOURCES='/usr/bin/glib-compile-resources'
GLIB_CONFIG=''
GLIB_GENMARSHAL='/usr/bin/glib-genmarshal'
GLIB_LIBS='-lglib-2.0'
GLIB_MKENUMS='/usr/bin/glib-mkenums'
GOBJECT_QUERY='/usr/bin/gobject-query'
GREP='/usr/bin/grep'
INSTALL_DATA='${INSTALL} -m 644'
INSTALL_PROGRAM='${INSTALL}'
INSTALL_SCRIPT='${INSTALL}'
INSTALL_STRIP_PROGRAM='$(install_sh) -c -s'
LAPACK_LIBS=''
LD='/usr/bin/ld -m elf_x86_64'
LDFLAGS=' -lglib-2.0 -L/home/michael/Codes/lib -lwbfmm -lglib-2.0 -lblas -L/usr/lib64/gcc/x86_64-slackware-linux/11.2.0 -L/usr/lib64/gcc/x86_64-slackware-linux/11.2.0/../../../../lib64 -L/lib/../lib64 -L/usr/lib/../lib64 -L/usr/lib64/gcc/x86_64-slackware-linux/11.2.0/../../.. -lgfortran -lquadmath -lm -L/home/michael/Codes/lib -lsqt -lglib-2.0 -lblas -L/usr/lib64/gcc/x86_64-slackware-linux/11.2.0 -L/usr/lib64/gcc/x86_64-slackware-linux/11.2.0/../../../../lib64 -L/lib/../lib64 -L/usr/lib/../lib64 -L/usr/lib64/gcc/x86_64-slackware-linux/11.2.0/../../.. -lgfortran -lm -lquadmath -L/home/michael/Codes/lib -lagg -lglib-2.0 -lblas -L/usr/lib64/gcc/x86_64-slackware-linux/11.2.0 -L/usr/lib64/gcc/x86_64-slackware-linux/11.2.0/../../../../lib64 -L/lib/../lib64 -L/usr/lib/../lib64 -L/usr/lib64/gcc/x86_64-slackware-linux/11.2.0/../../.. -lgfortran -lm -lquadmath'
LIBOBJS=''
LIBS='-lglib-2.0  -lblas -lm   -L/usr/lib64/gcc/x86_64-slackware-linux/11.2.0 -L/usr/lib64/gcc/x86_64-slackware-linux/11.2.0/../../../../lib64 -L/lib/../lib64 -L/usr/lib/../lib64 -L/usr/lib64/gcc/x86_64-slackware-linux/11.2.0/../../.. -lgfortran -lm -lquadmath'
LIBTOOL='$(SHELL) $(top_builddir)/libtool'
LIPO=''
LN_S='ln -s'
LTLIBOBJS=''
LT_AGE='0'
LT_CURRENT='0'
LT_RELEASE='0.1'
LT_REVISION='0'
LT_SYS_LIBRARY_PATH=''
MAKEINFO='${SHELL} /home/michael/Codes/Libraries/nbi/missing makeinfo'
MANIFEST_TOOL=':'
MKDIR_P='/usr/bin/mkdir -p'
NBI_MAJOR_VERSION='0'
NBI_MICRO_VERSION='0'
NBI_MINOR_VERSION='1'
NBI_VERSION='0.1.0'
NM='/usr/bin/nm -B'
NMEDIT=''
OBJDUMP='objdump'
OBJEXT='o'
OPENMP_CFLAGS='-fopenmp'
OTOOL64=''
OTOOL=''
PACKAGE='nbi'
PACKAGE_BUGREPORT=''
PACKAGE_NAME='nbi'
PACKAGE_STRING='nbi 0.1'
PACKAGE_TARNAME='nbi'
PACKAGE_URL=''
PACKAGE_VERSION='0.1'
PATH_SEPARATOR=':'
PETSC_FALSE='#'
PETSC_TRUE=''
PKG_CONFIG='/usr/bin/pkg-config'
PKG_CONFIG_LIBDIR=''
PKG_CONFIG_PATH='/home/michael/Codes/lib/pkgconfig:/home/michael/Codes/lib/pkgconfig:/usr/local/lib64/pkgconfig:/usr/local/share/pkgconfig:/usr/lib64/pkgconfig:/usr/share/pkgconfig:/usr/local/lib64/pkgconfig:/usr/local/share/pkgconfig'
RANLIB='ranlib'
SED='/usr/bin/sed'
SET_MAKE=''
SHELL='/bin/sh'
SQT='yes'
STRIP='strip'
VERSION='0.1'
WBFMM='yes'
ac_ct_AR='ar'
ac_ct_CC='gcc'
ac_ct_DUMPBIN=''
ac_ct_F77='g77'
am__EXEEXT_FALSE=''
am__EXEEXT_TRUE='#'
am__fastdepCC_FALSE='#'
am__fastdepCC_TRUE=''
am__include='include'
am__isrc=''
am__leading_dot='.'
am__nodep='_no'
am__quote=''
am__tar='$${TAR-tar} chof - "$$tardir"'
am__untar='$${TAR-tar} xf -'
bindir='${exec_prefix}/bin'
blas_libs='-lblas'
build='x86_64-unknown-linux-gnu'
build_alias=''
build_cpu='x86_64'
build_os='linux-gnu'
build_vendor='unknown'
datadir='${datarootdir}'
datarootdir='${prefix}/share'
docdir='${datarootdir}/doc/${PACKAGE_TARNAME}'
dvidir='${docdir}'
exec_prefix='${prefix}'
host='x86_64-unknown-linux-gnu'
host_alias=''
host_cpu='x86_64'
host_os='linux-gnu'
host_vendor='unknown'
htmldir='${docdir}'
includedir='${prefix}/include'
infodir='${datarootdir}/info'
install_sh='${SHELL} /home/michael/Codes/Libraries/nbi/install-sh'
lapack_libs=''
libdir='${exec_prefix}/lib'
libexecdir='${exec_prefix}/libexec'
localedir='${datarootdir}/locale'
localstatedir='${prefix}/var'
mandir='${datarootdir}/man'
mkdir_p='$(MKDIR_P)'
oldincludedir='/usr/include'
pdfdir='${docdir}'
petsc_real=''
prefix='/home/michael/Codes'
program_transform_name='s,x,x,'
psdir='${docdir}'
sbindir='${exec_prefix}/sbin'
sharedstatedir='${prefix}/com'
sysconfdir='${prefix}/etc'
target_alias=''

## ----------- ##
## confdefs.h. ##
## ----------- ##

/* confdefs.h */
#define PACKAGE_NAME "nbi"
#define PACKAGE_TARNAME "nbi"
#define PACKAGE_VERSION "0.1"
#define PACKAGE_STRING "nbi 0.1"
#define PACKAGE_BUGREPORT ""
#define PACKAGE_URL ""
#define PACKAGE "nbi"
#define VERSION "0.1"
#define NBI_MAJOR_VERSION 0
#define NBI_MINOR_VERSION 1
#define NBI_MICRO_VERSION 0
#define NBI_INTERFACE_AGE 0
#define NBI_BINARY_AGE 0
#define STDC_HEADERS 1
#define HAVE_SYS_TYPES_H 1
#define HAVE_SYS_STAT_H 1
#define HAVE_STDLIB_H 1
#define HAVE_STRING_H 1
#define HAVE_MEMORY_H 1
#define HAVE_STRINGS_H 1
#define HAVE_INTTYPES_H 1
#define HAVE_STDINT_H 1
#define HAVE_UNISTD_H 1
#define HAVE_DLFCN_H 1
#define LT_OBJDIR ".libs/"
#define STDC_HEADERS 1
#define HAVE_SQT 1
#define HAVE_AGG 1
#define HAVE_WBFMM 1
#define HAVE_BLASWRAP 1
#define HAVE_PETSC 1
#define HAVE_AVX_INSTRUCTIONS 1
#define HAVE_AVX2_INSTRUCTIONS 1
#define HAVE_FMA_INSTRUCTIONS 1
#define HAVE_LIBM 1
#define F77_FUNC(name,NAME) name ## _
#define F77_FUNC_(name,NAME) name ## _
#define HAVE_BLAS 1
#define HAVE_LAPACK 1

configure: exit 0

## ---------------------- ##
## Running config.status. ##
## ---------------------- ##

This file was extended by nbi config.status 0.1, which was
generated by GNU Autoconf 2.69.  Invocation command line was

  CONFIG_FILES    = 
  CONFIG_HEADERS  = 
  CONFIG_LINKS    = 
  CONFIG_COMMANDS = 
  $ ./config.status tools/Makefile depfiles

on michael.paraffinalia.co.uk

config.status:1198: creating tools/Makefile
config.status:1427: executing depfiles commands
config.status:1504: cd tools       && sed -e '/# am--include-marker/d' Makefile         | make -f - am--depfiles
make[3]: Entering directory '/home/michael/Codes/Libraries/nbi/tools'
make[3]: Nothing to be done for 'am--depfiles'.
make[3]: Leaving directory '/home/michael/Codes/Libraries/nbi/tools'
config.status:1509: $? = 0

## ---------------------- ##
## Running config.status. ##
## ---------------------- ##

This file was extended by nbi config.status 0.1, which was
generated by GNU Autoconf 2.69.  Invocation command line was

  CONFIG_FILES    = 
  CONFIG_HEADERS  = 
  CONFIG_LINKS    = 
  CONFIG_COMMANDS = 
  $ ./config.status src/nbi-config

on michael.paraffinalia.co.uk

config.status:1198: creating src/nbi-config

## ---------------------- ##
## Running config.status. ##
## ---------------------- ##

This file was extended by nbi config.status 0.1, which was
generated by GNU Autoconf 2.69.  Invocation command line was

  CONFIG_FILES    = 
  CONFIG_HEADERS  = 
  CONFIG_LINKS    = 
  CONFIG_COMMANDS = 
  $ ./config.status src/nbi-config

on michael.paraffinalia.co.uk

config.status:1198: creating src/nbi-config

## ---------------------- ##
## Running config.status. ##
## ---------------------- ##

This file was extended by nbi config.status 0.1, which was
generated by GNU Autoconf 2.69.  Invocation command line was

  CONFIG_FILES    = 
  CONFIG_HEADERS  = 
  CONFIG_LINKS    = 
  CONFIG_COMMANDS = 
  $ ./config.status src/nbi-config

on michael.paraffinalia.co.uk

config.status:1198: creating src/nbi-config
