nbi-solve-helmholtz: 2 threads (4 processors)
nbi-solve-helmholtz: reading geometry from Geometries/sphere-7.nbi
nbi-solve-helmholtz: reading matrix from Matrices/matrix-sphere-helmholtz-7-25-8-5.dat
nbi-solve-helmholtz: geometry initialized, 2240 nodes, 320 patches [1e-06]
nbi-solve-helmholtz: setting boundary conditions [3e-05]
nbi-solve-helmholtz: reading boundary conditions from pcsource.bc
nbi-solve-helmholtz: allocating 146659 elements to FMM work space
nbi-solve-helmholtz: building tree [0.001571]
nbi-solve-helmholtz: FMM matrix initialized [0.029416]
nbi-solve-helmholtz: forming right hand side, [0.029524]
nbi-solve-helmholtz: starting built-in solver [17.778]
  nbi_gmres_complex: iteration 0
  nbi_gmres_complex: substep 0; error: 3.733552e-01
  nbi_gmres_complex: substep 1; error: 1.124241e-01
  nbi_gmres_complex: substep 2; error: 3.471147e-02
  nbi_gmres_complex: substep 3; error: 9.900123e-03
  nbi_gmres_complex: substep 4; error: 3.025040e-03
  nbi_gmres_complex: substep 5; error: 1.094114e-03
  nbi_gmres_complex: substep 6; error: 4.042825e-04
  nbi_gmres_complex: substep 7; error: 1.192428e-04
  nbi_gmres_complex: substep 8; error: 2.634042e-05
  nbi_gmres_complex: substep 9; error: 7.480111e-06
  nbi_gmres_complex: iteration 1
  nbi_gmres_complex: substep 0; error: 2.268151e-06
  nbi_gmres_complex: substep 1; error: 5.094492e-07
nbi-solve-helmholtz: 1 iterations; error = 5.09449e-07 [287.509] (287.48)
nbi-solve-helmholtz: emax = 0.00250532; fmax = 0.172267;
nbi-solve-helmholtz: L_inf norm = 0.0145432; L_2 norm = 0.00484112; rms error = 5.03861e-06
