nbi-solve-laplace: 2 threads (4 processors)
nbi-solve-laplace: reading geometry from Geometries/sphere-7.nbi
nbi-solve-laplace: reading matrix from Matrices/matrix-sphere-laplace-7-25-8-5.dat
nbi-solve-laplace: geometry initialized, 560 nodes, 80 patches [2e-06]
nbi-solve-laplace: setting boundary conditions [3.7e-05]
nbi-solve-laplace: reading boundary conditions from psource.bc
nbi-solve-laplace: allocating 14842 elements to solver work space
nbi-solve-laplace: allocating 100530 elements to FMM work space
nbi-solve-laplace: building tree [0.005979]
nbi-solve-laplace: FMM matrix initialized [0.042443]
nbi-solve-laplace: forming right hand side [0.042475]
nbi-solve-laplace: starting built-in solver
  nbi_gmres_real: iteration 0
  nbi_gmres_real: substep   0; error: 8.637343e-02
  nbi_gmres_real: substep   1; error: 1.793686e-02
  nbi_gmres_real: substep   2; error: 2.304482e-03
  nbi_gmres_real: substep   3; error: 2.901587e-04
  nbi_gmres_real: substep   4; error: 3.291539e-05
  nbi_gmres_real: substep   5; error: 7.009602e-06
  nbi_gmres_real: substep   6; error: 9.670142e-07
nbi-solve-laplace: 0 iterations; error = 9.67014e-07 [232.952] (232.91)
nbi-solve-laplace: emax = 0.00379694; fmax = 0.105044;
nbi-solve-laplace: L_inf norm = 0.036146; L_2 norm = 0.0202635; rms error = 4.04106e-05
