nbi-solve-laplace: 2 threads (4 processors)
nbi-solve-laplace: reading geometry from Geometries/catseye-7.nbi
nbi-solve-laplace: reading matrix from Matrices/matrix-catseye-laplace-7-25-8-5.dat
nbi-solve-laplace: geometry initialized, 7994 nodes, 1142 patches [2e-06]
nbi-solve-laplace: setting boundary conditions [3.7e-05]
nbi-solve-laplace: reading boundary conditions from psource.bc
nbi-solve-laplace: allocating 208126 elements to solver work space
nbi-solve-laplace: allocating 100530 elements to FMM work space
nbi-solve-laplace: building tree [0.003641]
nbi-solve-laplace: FMM matrix initialized [0.049746]
nbi-solve-laplace: forming right hand side [0.049919]
nbi-solve-laplace: starting built-in solver [26.2341]
  nbi_gmres_real: iteration 0
  nbi_gmres_real: substep   0; error: 4.338942e-02
  nbi_gmres_real: substep   1; error: 2.132138e-02
  nbi_gmres_real: substep   2; error: 5.044829e-03
  nbi_gmres_real: substep   3; error: 1.784007e-03
  nbi_gmres_real: substep   4; error: 6.127385e-04
  nbi_gmres_real: substep   5; error: 1.513700e-04
  nbi_gmres_real: substep   6; error: 3.867967e-05
  nbi_gmres_real: substep   7; error: 1.313758e-05
  nbi_gmres_real: substep   8; error: 4.532641e-06
  nbi_gmres_real: substep   9; error: 1.401891e-06
  nbi_gmres_real: iteration 1
  nbi_gmres_real: substep   0; error: 6.545390e-07
nbi-solve-laplace: 1 iterations; error = 6.54539e-07 [414.826] (414.776)
nbi-solve-laplace: emax = 0.00181563; fmax = 0.202354;
nbi-solve-laplace: L_inf norm = 0.00897256; L_2 norm = 0.00144355; rms error = 1.08191e-06
