nbi-solve-helmholtz: 2 threads (4 processors)
nbi-solve-helmholtz: reading geometry from Geometries/sphere-25.nbi
nbi-solve-helmholtz: reading matrix from Matrices/matrix-sphere-helmholtz-25-54-8-5.dat
nbi-solve-helmholtz: geometry initialized, 32000 nodes, 1280 patches [2e-06]
nbi-solve-helmholtz: setting boundary conditions [2.9e-05]
nbi-solve-helmholtz: reading boundary conditions from plane.bc
nbi-solve-helmholtz: allocating 1125227 elements to FMM work space
nbi-solve-helmholtz: building tree [0.013398]
nbi-solve-helmholtz: FMM matrix initialized [0.110201]
nbi-solve-helmholtz: forming right hand side [0.127346]
nbi-solve-helmholtz: starting PETSc solver
  0 KSP Residual norm 79.7595 
  1 KSP Residual norm 55.4748 
  2 KSP Residual norm 42.119 
  3 KSP Residual norm 26.37 
  4 KSP Residual norm 12.6681 
  5 KSP Residual norm 7.07106 
  6 KSP Residual norm 4.50859 
  7 KSP Residual norm 3.03824 
  8 KSP Residual norm 1.74299 
  9 KSP Residual norm 0.797981 
 10 KSP Residual norm 0.289781 
 11 KSP Residual norm 0.0964645 
 12 KSP Residual norm 0.0188124 
 13 KSP Residual norm 0.00205237 
 14 KSP Residual norm 7.8945e-05 
nbi-solve-helmholtz: 14 iterations [502.078] (501.951)
nbi-solve-helmholtz: emax = 3.1441; fmax = 1;
nbi-solve-helmholtz: L_inf norm = 3.1441; L_2 norm = 1.10365; rms error = 0.0061696
